TWC equipment	f:	../CMT_FDE/ANALISYS/Prog2/Bombardier_merge_1.txt	TWC equipment
direction of train	f:	../CMT_FDE/ANALISYS/Prog2/ieeeATSfunctions_4_1.txt	direction of trains
Muzha depot	f:	../CMT_FDE/ANALISYS/Prog2/Bombardier_merge_1.txt	Muzha depot
control action confirmation	f:	../CMT_FDE/ANALISYS/Prog2/ieeeATSfunctions_4_1.txt	Control action confirmation
metro installation	f:	../CMT_FDE/ANALISYS/Prog2/Bombardier_merge_1.txt	metro installation
line of Sight	f:	../CMT_FDE/ANALISYS/Prog2/Bombardier_merge_1.txt	Line of Sight
automatic train control	f:	../CMT_FDE/ANALISYS/Prog2/Bombardier_merge_1.txt	Automatic Train Control
interlocking system	f:	../CMT_FDE/ANALISYS/Prog2/Bombardier_merge_1.txt	interlocking system	interlocking systems
train Registry system	f:	../CMT_FDE/ANALISYS/Prog2/Bombardier_merge_1.txt	Train Registry System
movement of train	f:	../CMT_FDE/ANALISYS/Prog2/ieeeATSfunctions_4_1.txt	movement of trains
train location report	f:	../CMT_FDE/ANALISYS/Prog2/ieeeATSfunctions_4_1.txt	train location reports
head footprint	f:	../CMT_FDE/ANALISYS/Prog2/Bombardier_merge_1.txt	head footprint
atc equipment	f:	../CMT_FDE/ANALISYS/Prog2/Bombardier_merge_1.txt	ATC equipment
coordination of train	f:	../CMT_FDE/ANALISYS/Prog2/ieeeATSfunctions_4_1.txt	coordination of train
Interoperability interface requirement	f:	../CMT_FDE/ANALISYS/Prog2/ieeeATSfunctions_4_1.txt	Interoperability interface requirements
passenger information system	f:	../CMT_FDE/ANALISYS/Prog2/Bombardier_merge_1.txt	passenger information systems	Passenger Information system	f:	../CMT_FDE/ANALISYS/Prog2/ieeeATSfunctions_4_1.txt	Passenger information system	passenger information systems
information system interface	f:	../CMT_FDE/ANALISYS/Prog2/ieeeATSfunctions_4_1.txt	information system interfaces
system Overview	f:	../CMT_FDE/ANALISYS/Prog2/Bombardier_merge_1.txt	System Overview
control of run	f:	../CMT_FDE/ANALISYS/Prog2/ieeeATSfunctions_4_1.txt	control of run
mobile data radio	f:	../CMT_FDE/ANALISYS/Prog2/Bombardier_merge_1.txt	Mobile Data Radio
atp system	f:	../CMT_FDE/ANALISYS/Prog2/Bombardier_merge_1.txt	ATP systems	ATP system
route	f:	../CMT_FDE/ANALISYS/Prog2/Bombardier_merge_1.txt	route
base data radio	f:	../CMT_FDE/ANALISYS/Prog2/Bombardier_merge_1.txt	Base Data Radio	base data radios
train at station	f:	../CMT_FDE/ANALISYS/Prog2/ieeeATSfunctions_4_1.txt	train at station
ATS user	f:	../CMT_FDE/ANALISYS/Prog2/ieeeATSfunctions_4_1.txt	ATS user	ATS users
cab signalling	f:	../CMT_FDE/ANALISYS/Prog2/Bombardier_merge_1.txt	cab signalling
line system INTERFLO	f:	../CMT_FDE/ANALISYS/Prog2/Bombardier_merge_1.txt	line system INTERFLO
accordance with IEEE	f:	../CMT_FDE/ANALISYS/Prog2/ieeeATSfunctions_4_1.txt	accordance with IEEE
automatic train protection	f:	../CMT_FDE/ANALISYS/Prog2/Bombardier_merge_1.txt	Automatic Train Protection
IEEE Std	f:	../CMT_FDE/ANALISYS/Prog2/ieeeATSfunctions_4_1.txt	IEEE Std
CBTC train	f:	../CMT_FDE/ANALISYS/Prog2/ieeeATSfunctions_4_1.txt	CBTC train
CBTC functionality	f:	../CMT_FDE/ANALISYS/Prog2/ieeeATSfunctions_4_1.txt	CBTC functionality
Wayside communication	f:	../CMT_FDE/ANALISYS/Prog2/Bombardier_merge_1.txt	Wayside Communication	Wayside Communications
jurisdiction	f:	../CMT_FDE/ANALISYS/Prog2/ieeeATSfunctions_4_1.txt	jurisdiction
optimization versus schedule/headway	f:	../CMT_FDE/ANALISYS/Prog2/ieeeATSfunctions_4_1.txt	optimization versus schedule/headway
operating in CBTC	f:	../CMT_FDE/ANALISYS/Prog2/ieeeATSfunctions_4_1.txt	operating in CBTC
rerouting of train	f:	../CMT_FDE/ANALISYS/Prog2/ieeeATSfunctions_4_1.txt	rerouting of trains
Operational central control	f:	../CMT_FDE/ANALISYS/Prog2/Bombardier_merge_1.txt	Operational Central Control
capability	f:	../CMT_FDE/ANALISYS/Prog2/ieeeATSfunctions_4_1.txt	capability
automatic train regulation	f:	../CMT_FDE/ANALISYS/Prog2/ieeeATSfunctions_4_1.txt	Automatic train regulation
group of CBTC-equipped	f:	../CMT_FDE/ANALISYS/Prog2/ieeeATSfunctions_4_1.txt	group of CBTC-equipped
regulation function	f:	../CMT_FDE/ANALISYS/Prog2/ieeeATSfunctions_4_1.txt	regulation function	regulation functions
safety restriction	f:	../CMT_FDE/ANALISYS/Prog2/Bombardier_merge_1.txt	safety restrictions
subclause in order	f:	../CMT_FDE/ANALISYS/Prog2/ieeeATSfunctions_4_1.txt	subclause in order
operating	f:	../CMT_FDE/ANALISYS/Prog2/ieeeATSfunctions_4_1.txt	operating
Stover CITYFLO	f:	../CMT_FDE/ANALISYS/Prog2/Bombardier_merge_1.txt	Stover CITYFLO
revenue service	f:	../CMT_FDE/ANALISYS/Prog2/Bombardier_merge_1.txt	revenue service
location data	f:	../CMT_FDE/ANALISYS/Prog2/Bombardier_merge_1.txt	location data
line speed limit	f:	../CMT_FDE/ANALISYS/Prog2/Bombardier_merge_1.txt	line speed limit
Wayside network	f:	../CMT_FDE/ANALISYS/Prog2/Bombardier_merge_1.txt	Wayside Network
user interface	f:	../CMT_FDE/ANALISYS/Prog2/ieeeATSfunctions_4_1.txt	user interface
run time	f:	../CMT_FDE/ANALISYS/Prog2/ieeeATSfunctions_4_1.txt	run times
section of track	f:	../CMT_FDE/ANALISYS/Prog2/ieeeATSfunctions_4_1.txt	section of track
CBTC movement authority	f:	../CMT_FDE/ANALISYS/Prog2/ieeeATSfunctions_4_1.txt	CBTC movement authority
transit application	f:	../CMT_FDE/ANALISYS/Prog2/ieeeATSfunctions_4_1.txt	transit application
information	f:	../CMT_FDE/ANALISYS/Prog2/Bombardier_merge_1.txt	Information	f:	../CMT_FDE/ANALISYS/Prog2/ieeeATSfunctions_4_1.txt	information
train control system	f:	../CMT_FDE/ANALISYS/Prog2/Bombardier_merge_1.txt	train control system	train control systems
operation	f:	../CMT_FDE/ANALISYS/Prog2/Bombardier_merge_1.txt	Operation	operations
CBTC fault reporting	f:	../CMT_FDE/ANALISYS/Prog2/ieeeATSfunctions_4_1.txt	CBTC fault reporting
profile between station	f:	../CMT_FDE/ANALISYS/Prog2/ieeeATSfunctions_4_1.txt	profile between stations
Neihu vehicle	f:	../CMT_FDE/ANALISYS/Prog2/Bombardier_merge_1.txt	Neihu vehicles	Neihu vehicle
ATS	f:	../CMT_FDE/ANALISYS/Prog2/Bombardier_merge_1.txt	ATS	f:	../CMT_FDE/ANALISYS/Prog2/ieeeATSfunctions_4_1.txt	ATS
radio frequency	f:	../CMT_FDE/ANALISYS/Prog2/Bombardier_merge_1.txt	radio frequency
train operator	f:	../CMT_FDE/ANALISYS/Prog2/ieeeATSfunctions_4_1.txt	train operator
project	f:	../CMT_FDE/ANALISYS/Prog2/Bombardier_merge_1.txt	project
south korea	f:	../CMT_FDE/ANALISYS/Prog2/Bombardier_merge_1.txt	South Korea
CBTC system	f:	../CMT_FDE/ANALISYS/Prog2/Bombardier_merge_1.txt	CBTC system	CBTC systems	f:	../CMT_FDE/ANALISYS/Prog2/ieeeATSfunctions_4_1.txt	CBTC system
atc	f:	../CMT_FDE/ANALISYS/Prog2/Bombardier_merge_1.txt	ATC
ATP/ATO maintenance data	f:	../CMT_FDE/ANALISYS/Prog2/Bombardier_merge_1.txt	ATP/ATO maintenance data
Neihu line	f:	../CMT_FDE/ANALISYS/Prog2/Bombardier_merge_1.txt	Neihu Line	Neihu lines
initialization process	f:	../CMT_FDE/ANALISYS/Prog2/Bombardier_merge_1.txt	initialization process
interoperability interface standard	f:	../CMT_FDE/ANALISYS/Prog2/ieeeATSfunctions_4_1.txt	interoperability interface standards
atp	f:	../CMT_FDE/ANALISYS/Prog2/Bombardier_merge_1.txt	ATP
ato	f:	../CMT_FDE/ANALISYS/Prog2/ieeeATSfunctions_4_1.txt	ATO
train lenght data	f:	../CMT_FDE/ANALISYS/Prog2/ieeeATSfunctions_4_1.txt	train length data
train fault reporting	f:	../CMT_FDE/ANALISYS/Prog2/ieeeATSfunctions_4_1.txt	Train fault reporting
train	f:	../CMT_FDE/ANALISYS/Prog2/Bombardier_merge_1.txt	Train	f:	../CMT_FDE/ANALISYS/Prog2/ieeeATSfunctions_4_1.txt	Train	trains
ato mode	f:	../CMT_FDE/ANALISYS/Prog2/ieeeATSfunctions_4_1.txt	ATO mode
interoperability interface requirement	f:	../CMT_FDE/ANALISYS/Prog2/ieeeATSfunctions_4_1.txt	interoperability interface requirements
transition area	f:	../CMT_FDE/ANALISYS/Prog2/Bombardier_merge_1.txt	transition areas	transition area
system hazard	f:	../CMT_FDE/ANALISYS/Prog2/ieeeATSfunctions_4_1.txt	system hazards
coaxial cable	f:	../CMT_FDE/ANALISYS/Prog2/Bombardier_merge_1.txt	coaxial cable
ATS function	f:	../CMT_FDE/ANALISYS/Prog2/ieeeATSfunctions_4_1.txt	ATS functions
train location	f:	../CMT_FDE/ANALISYS/Prog2/ieeeATSfunctions_4_1.txt	Train location
protection of work	f:	../CMT_FDE/ANALISYS/Prog2/ieeeATSfunctions_4_1.txt	protection of work
CBTC equipment	f:	../CMT_FDE/ANALISYS/Prog2/ieeeATSfunctions_4_1.txt	CBTC equipment
mass transit system	f:	../CMT_FDE/ANALISYS/Prog2/Bombardier_merge_1.txt	mass transit systems	mass transit system
authority	f:	../CMT_FDE/ANALISYS/Prog2/ieeeATSfunctions_4_1.txt	authority	authorities
car wash	f:	../CMT_FDE/ANALISYS/Prog2/Bombardier_merge_1.txt	car wash
control action	f:	../CMT_FDE/ANALISYS/Prog2/ieeeATSfunctions_4_1.txt	control actions	Control action
fault reporting	f:	../CMT_FDE/ANALISYS/Prog2/ieeeATSfunctions_4_1.txt	Fault reporting
speed regulation function	f:	../CMT_FDE/ANALISYS/Prog2/ieeeATSfunctions_4_1.txt	speed regulation function
overlay project	f:	../CMT_FDE/ANALISYS/Prog2/Bombardier_merge_1.txt	overlay project
group of station	f:	../CMT_FDE/ANALISYS/Prog2/ieeeATSfunctions_4_1.txt	group of stations
train control	f:	../CMT_FDE/ANALISYS/Prog2/Bombardier_merge_1.txt	Train Control
distance	f:	../CMT_FDE/ANALISYS/Prog2/Bombardier_merge_1.txt	distance
IEEE Std 1474.2-2003.	f:	../CMT_FDE/ANALISYS/Prog2/ieeeATSfunctions_4_1.txt	IEEE Std 1474.2-2003.
service history	f:	../CMT_FDE/ANALISYS/Prog2/Bombardier_merge_1.txt	service history
interface	f:	../CMT_FDE/ANALISYS/Prog2/ieeeATSfunctions_4_1.txt	interface	interfaces
speed	f:	../CMT_FDE/ANALISYS/Prog2/ieeeATSfunctions_4_1.txt	speed
work zone	f:	../CMT_FDE/ANALISYS/Prog2/ieeeATSfunctions_4_1.txt	work zones	work zone
energy optimization	f:	../CMT_FDE/ANALISYS/Prog2/ieeeATSfunctions_4_1.txt	Energy optimization
Muzha vehicle	f:	../CMT_FDE/ANALISYS/Prog2/Bombardier_merge_1.txt	Muzha vehicles	Muzha vehicle
service brake	f:	../CMT_FDE/ANALISYS/Prog2/Bombardier_merge_1.txt	service braking	service brake	service brakes
end of line	f:	../CMT_FDE/ANALISYS/Prog2/Bombardier_merge_1.txt	End of Line
railway network	f:	../CMT_FDE/ANALISYS/Prog2/Bombardier_merge_1.txt	railway network
track circuit	f:	../CMT_FDE/ANALISYS/Prog2/Bombardier_merge_1.txt	track circuits	track circuit
figure	f:	../CMT_FDE/ANALISYS/Prog2/Bombardier_merge_1.txt	Figure
Bombardier CITYFLO	f:	../CMT_FDE/ANALISYS/Prog2/Bombardier_merge_1.txt	Bombardier CITYFLO
customer s need	f:	../CMT_FDE/ANALISYS/Prog2/Bombardier_merge_1.txt	customer s need
ATS user-directed service	f:	../CMT_FDE/ANALISYS/Prog2/ieeeATSfunctions_4_1.txt	ATS user-directed service
auto operation	f:	../CMT_FDE/ANALISYS/Prog2/Bombardier_merge_1.txt	auto operation
train door	f:	../CMT_FDE/ANALISYS/Prog2/ieeeATSfunctions_4_1.txt	train doors
OCC	f:	../CMT_FDE/ANALISYS/Prog2/Bombardier_merge_1.txt	OCC
storage area	f:	../CMT_FDE/ANALISYS/Prog2/ieeeATSfunctions_4_1.txt	storage areas
track within CBTC	f:	../CMT_FDE/ANALISYS/Prog2/ieeeATSfunctions_4_1.txt	track within CBTC
train stop information	f:	../CMT_FDE/ANALISYS/Prog2/ieeeATSfunctions_4_1.txt	train stop information
service	f:	../CMT_FDE/ANALISYS/Prog2/Bombardier_merge_1.txt	service	f:	../CMT_FDE/ANALISYS/Prog2/ieeeATSfunctions_4_1.txt	service
location	f:	../CMT_FDE/ANALISYS/Prog2/Bombardier_merge_1.txt	location	f:	../CMT_FDE/ANALISYS/Prog2/ieeeATSfunctions_4_1.txt	location
risk	f:	../CMT_FDE/ANALISYS/Prog2/Bombardier_merge_1.txt	risk
time	f:	../CMT_FDE/ANALISYS/Prog2/Bombardier_merge_1.txt	time
radio system	f:	../CMT_FDE/ANALISYS/Prog2/Bombardier_merge_1.txt	Radio system
train control product	f:	../CMT_FDE/ANALISYS/Prog2/Bombardier_merge_1.txt	train control products
occupancy generation	f:	../CMT_FDE/ANALISYS/Prog2/Bombardier_merge_1.txt	occupancy generation
moving-block system	f:	../CMT_FDE/ANALISYS/Prog2/Bombardier_merge_1.txt	moving-block system	moving-block systems
station sign	f:	../CMT_FDE/ANALISYS/Prog2/Bombardier_merge_1.txt	station sign
passenger information	f:	../CMT_FDE/ANALISYS/Prog2/ieeeATSfunctions_4_1.txt	Passenger information
ATS user interface	f:	../CMT_FDE/ANALISYS/Prog2/ieeeATSfunctions_4_1.txt	ATS user interface
train operation	f:	../CMT_FDE/ANALISYS/Prog2/Bombardier_merge_1.txt	Train Operation
CBTC	f:	../CMT_FDE/ANALISYS/Prog2/Bombardier_merge_1.txt	CBTC	f:	../CMT_FDE/ANALISYS/Prog2/ieeeATSfunctions_4_1.txt	CBTC
ATS train stop	f:	../CMT_FDE/ANALISYS/Prog2/ieeeATSfunctions_4_1.txt	ATS train stop
supplier	f:	../CMT_FDE/ANALISYS/Prog2/ieeeATSfunctions_4_1.txt	supplier
CBTC-equipped train operating	f:	../CMT_FDE/ANALISYS/Prog2/ieeeATSfunctions_4_1.txt	CBTC-equipped train operating
track in CBTC	f:	../CMT_FDE/ANALISYS/Prog2/ieeeATSfunctions_4_1.txt	track in CBTC
wayside for display	f:	../CMT_FDE/ANALISYS/Prog2/ieeeATSfunctions_4_1.txt	wayside for display
vehicle atc	f:	../CMT_FDE/ANALISYS/Prog2/Bombardier_merge_1.txt	Vehicle ATC
train regulation	f:	../CMT_FDE/ANALISYS/Prog2/ieeeATSfunctions_4_1.txt	train regulation
station in ato	f:	../CMT_FDE/ANALISYS/Prog2/ieeeATSfunctions_4_1.txt	station in ATO
phase	f:	../CMT_FDE/ANALISYS/Prog2/Bombardier_merge_1.txt	phase
mode of operation	f:	../CMT_FDE/ANALISYS/Prog2/ieeeATSfunctions_4_1.txt	mode of operation
train movement	f:	../CMT_FDE/ANALISYS/Prog2/Bombardier_merge_1.txt	train movement
work	f:	../CMT_FDE/ANALISYS/Prog2/Bombardier_merge_1.txt	work	f:	../CMT_FDE/ANALISYS/Prog2/ieeeATSfunctions_4_1.txt	work
CBTC-equipped train	f:	../CMT_FDE/ANALISYS/Prog2/ieeeATSfunctions_4_1.txt	CBTC-equipped train	CBTC-equipped trains
dwell time variance	f:	../CMT_FDE/ANALISYS/Prog2/ieeeATSfunctions_4_1.txt	dwell time variance
vehicle ato	f:	../CMT_FDE/ANALISYS/Prog2/Bombardier_merge_1.txt	Vehicle ATO
vehicle atp	f:	../CMT_FDE/ANALISYS/Prog2/Bombardier_merge_1.txt	Vehicle ATP
Neihu extension	f:	../CMT_FDE/ANALISYS/Prog2/Bombardier_merge_1.txt	Neihu extension
interface design standard	f:	../CMT_FDE/ANALISYS/Prog2/ieeeATSfunctions_4_1.txt	interface design standards
ATS system	f:	../CMT_FDE/ANALISYS/Prog2/ieeeATSfunctions_4_1.txt	ATS system
system	f:	../CMT_FDE/ANALISYS/Prog2/Bombardier_merge_1.txt	system	systems	f:	../CMT_FDE/ANALISYS/Prog2/ieeeATSfunctions_4_1.txt	system	systems
train identification	f:	../CMT_FDE/ANALISYS/Prog2/ieeeATSfunctions_4_1.txt	train identification
Wayside network backbone	f:	../CMT_FDE/ANALISYS/Prog2/Bombardier_merge_1.txt	Wayside Network backbone
Distribution Amplifiers	f:	../CMT_FDE/ANALISYS/Prog2/Bombardier_merge_1.txt	Distribution Amplifiers
rail industry	f:	../CMT_FDE/ANALISYS/Prog2/Bombardier_merge_1.txt	rail industry
central control	f:	../CMT_FDE/ANALISYS/Prog2/Bombardier_merge_1.txt	Central Control
operating unit	f:	../CMT_FDE/ANALISYS/Prog2/ieeeATSfunctions_4_1.txt	operating unit
train arrival information	f:	../CMT_FDE/ANALISYS/Prog2/ieeeATSfunctions_4_1.txt	train arrival information
station departure time	f:	../CMT_FDE/ANALISYS/Prog2/ieeeATSfunctions_4_1.txt	station departure time
system operation	f:	../CMT_FDE/ANALISYS/Prog2/Bombardier_merge_1.txt	system operations	system operation
vehicle	f:	../CMT_FDE/ANALISYS/Prog2/Bombardier_merge_1.txt	Vehicle	vehicles
energy optimization algorithms	f:	../CMT_FDE/ANALISYS/Prog2/ieeeATSfunctions_4_1.txt	energy optimization algorithms
installation	f:	../CMT_FDE/ANALISYS/Prog2/Bombardier_merge_1.txt	installation
ability	f:	../CMT_FDE/ANALISYS/Prog2/Bombardier_merge_1.txt	ability
number of region	f:	../CMT_FDE/ANALISYS/Prog2/Bombardier_merge_1.txt	number of regions
data communication network	f:	../CMT_FDE/ANALISYS/Prog2/ieeeATSfunctions_4_1.txt	data communications network
wayside atc	f:	../CMT_FDE/ANALISYS/Prog2/Bombardier_merge_1.txt	wayside ATC
CITYFLO	f:	../CMT_FDE/ANALISYS/Prog2/Bombardier_merge_1.txt	CITYFLO
Neihu system	f:	../CMT_FDE/ANALISYS/Prog2/Bombardier_merge_1.txt	Neihu System
emergency brake application	f:	../CMT_FDE/ANALISYS/Prog2/ieeeATSfunctions_4_1.txt	emergency brake application
service brake rate	f:	../CMT_FDE/ANALISYS/Prog2/ieeeATSfunctions_4_1.txt	service brake rates
ERTMS level	f:	../CMT_FDE/ANALISYS/Prog2/Bombardier_merge_1.txt	ERTMS Level
CITYFLO system	f:	../CMT_FDE/ANALISYS/Prog2/Bombardier_merge_1.txt	CITYFLO System
Neihu depot	f:	../CMT_FDE/ANALISYS/Prog2/Bombardier_merge_1.txt	Neihu depot
vehicle tag reader	f:	../CMT_FDE/ANALISYS/Prog2/Bombardier_merge_1.txt	vehicle tag readers
block CITYFLO	f:	../CMT_FDE/ANALISYS/Prog2/Bombardier_merge_1.txt	block CITYFLO
conductor	f:	../CMT_FDE/ANALISYS/Prog2/ieeeATSfunctions_4_1.txt	conductor
passenger information message	f:	../CMT_FDE/ANALISYS/Prog2/ieeeATSfunctions_4_1.txt	passenger information messages
ato system	f:	../CMT_FDE/ANALISYS/Prog2/Bombardier_merge_1.txt	ATO system
ATS functionality	f:	../CMT_FDE/ANALISYS/Prog2/Bombardier_merge_1.txt	ATS functionality
atc system	f:	../CMT_FDE/ANALISYS/Prog2/Bombardier_merge_1.txt	ATC system	ATC systems
jeffrey s	f:	../CMT_FDE/ANALISYS/Prog2/Bombardier_merge_1.txt	Jeffrey S
transit system	f:	../CMT_FDE/ANALISYS/Prog2/ieeeATSfunctions_4_1.txt	transit system
CBTC train identification	f:	../CMT_FDE/ANALISYS/Prog2/ieeeATSfunctions_4_1.txt	CBTC train identification
Muzha line	f:	../CMT_FDE/ANALISYS/Prog2/Bombardier_merge_1.txt	Muzha Line	Muzha lines
movement	f:	../CMT_FDE/ANALISYS/Prog2/ieeeATSfunctions_4_1.txt	movement
group of CBTC	f:	../CMT_FDE/ANALISYS/Prog2/ieeeATSfunctions_4_1.txt	group of CBTC
train regulation function	f:	../CMT_FDE/ANALISYS/Prog2/ieeeATSfunctions_4_1.txt	train regulation functions
CBTC territory	f:	../CMT_FDE/ANALISYS/Prog2/ieeeATSfunctions_4_1.txt	CBTC territory
Region atp	f:	../CMT_FDE/ANALISYS/Prog2/Bombardier_merge_1.txt	Region ATP
Region ato	f:	../CMT_FDE/ANALISYS/Prog2/Bombardier_merge_1.txt	Region ATO
UTO system	f:	../CMT_FDE/ANALISYS/Prog2/Bombardier_merge_1.txt	UTO systems
train service	f:	../CMT_FDE/ANALISYS/Prog2/ieeeATSfunctions_4_1.txt	train service
testing program	f:	../CMT_FDE/ANALISYS/Prog2/Bombardier_merge_1.txt	testing program
skip station information	f:	../CMT_FDE/ANALISYS/Prog2/ieeeATSfunctions_4_1.txt	skip station information
communication	f:	../CMT_FDE/ANALISYS/Prog2/Bombardier_merge_1.txt	Communication	Communications
group	f:	../CMT_FDE/ANALISYS/Prog2/ieeeATSfunctions_4_1.txt	group
equipment	f:	../CMT_FDE/ANALISYS/Prog2/Bombardier_merge_1.txt	equipment	f:	../CMT_FDE/ANALISYS/Prog2/ieeeATSfunctions_4_1.txt	equipment
operating within CBTC	f:	../CMT_FDE/ANALISYS/Prog2/ieeeATSfunctions_4_1.txt	operating within CBTC
interoperability	f:	../CMT_FDE/ANALISYS/Prog2/ieeeATSfunctions_4_1.txt	interoperability
wayside	f:	../CMT_FDE/ANALISYS/Prog2/Bombardier_merge_1.txt	wayside
Bombardier inc	f:	../CMT_FDE/ANALISYS/Prog2/Bombardier_merge_1.txt	Bombardier Inc
central control network	f:	../CMT_FDE/ANALISYS/Prog2/Bombardier_merge_1.txt	Central Control Network
performance of CBTC	f:	../CMT_FDE/ANALISYS/Prog2/ieeeATSfunctions_4_1.txt	performance of CBTC
system performance	f:	../CMT_FDE/ANALISYS/Prog2/Bombardier_merge_1.txt	system performance
october	f:	../CMT_FDE/ANALISYS/Prog2/Bombardier_merge_1.txt	October
central control system	f:	../CMT_FDE/ANALISYS/Prog2/Bombardier_merge_1.txt	Central Control System
work train	f:	../CMT_FDE/ANALISYS/Prog2/ieeeATSfunctions_4_1.txt	work trains
los antennas	f:	../CMT_FDE/ANALISYS/Prog2/Bombardier_merge_1.txt	LOS antennas
position of train	f:	../CMT_FDE/ANALISYS/Prog2/ieeeATSfunctions_4_1.txt	position of trains
train en route	f:	../CMT_FDE/ANALISYS/Prog2/ieeeATSfunctions_4_1.txt	train en route
CBTC-equipped	f:	../CMT_FDE/ANALISYS/Prog2/ieeeATSfunctions_4_1.txt	CBTC-equipped
train health data	f:	../CMT_FDE/ANALISYS/Prog2/ieeeATSfunctions_4_1.txt	train health data
Phase	f:	../CMT_FDE/ANALISYS/Prog2/Bombardier_merge_1.txt	Phase
line	f:	../CMT_FDE/ANALISYS/Prog2/Bombardier_merge_1.txt	line	lines
test track	f:	../CMT_FDE/ANALISYS/Prog2/Bombardier_merge_1.txt	test track
mainline solution	f:	../CMT_FDE/ANALISYS/Prog2/Bombardier_merge_1.txt	mainline solutions
user interface display	f:	../CMT_FDE/ANALISYS/Prog2/ieeeATSfunctions_4_1.txt	user interface display	user interface displays
Region Number	f:	../CMT_FDE/ANALISYS/Prog2/Bombardier_merge_1.txt	Region Number
train control data	f:	../CMT_FDE/ANALISYS/Prog2/Bombardier_merge_1.txt	Train control data
station	f:	../CMT_FDE/ANALISYS/Prog2/ieeeATSfunctions_4_1.txt	station	stations
movement authority	f:	../CMT_FDE/ANALISYS/Prog2/Bombardier_merge_1.txt	movement authority	f:	../CMT_FDE/ANALISYS/Prog2/ieeeATSfunctions_4_1.txt	movement authorities	movement authority
train occupancy	f:	../CMT_FDE/ANALISYS/Prog2/Bombardier_merge_1.txt	train occupancy
type of train	f:	../CMT_FDE/ANALISYS/Prog2/ieeeATSfunctions_4_1.txt	type of train
service strategy	f:	../CMT_FDE/ANALISYS/Prog2/ieeeATSfunctions_4_1.txt	service strategy	service strategies
cost of fuel	f:	../CMT_FDE/ANALISYS/Prog2/Bombardier_merge_1.txt	cost of fuel
track	f:	../CMT_FDE/ANALISYS/Prog2/Bombardier_merge_1.txt	track	f:	../CMT_FDE/ANALISYS/Prog2/ieeeATSfunctions_4_1.txt	track
Skip station stop	f:	../CMT_FDE/ANALISYS/Prog2/ieeeATSfunctions_4_1.txt	Skip station stop
train location information	f:	../CMT_FDE/ANALISYS/Prog2/ieeeATSfunctions_4_1.txt	Train location information
san francisco	f:	../CMT_FDE/ANALISYS/Prog2/Bombardier_merge_1.txt	San Francisco
implementation	f:	../CMT_FDE/ANALISYS/Prog2/ieeeATSfunctions_4_1.txt	implementation
control	f:	../CMT_FDE/ANALISYS/Prog2/ieeeATSfunctions_4_1.txt	control
position error	f:	../CMT_FDE/ANALISYS/Prog2/Bombardier_merge_1.txt	position error
train service data	f:	../CMT_FDE/ANALISYS/Prog2/ieeeATSfunctions_4_1.txt	train service data
railway industry	f:	../CMT_FDE/ANALISYS/Prog2/Bombardier_merge_1.txt	railway industry
wayside equipment	f:	../CMT_FDE/ANALISYS/Prog2/Bombardier_merge_1.txt	wayside equipment
CBTC train location	f:	../CMT_FDE/ANALISYS/Prog2/ieeeATSfunctions_4_1.txt	CBTC train location
regulation	f:	../CMT_FDE/ANALISYS/Prog2/ieeeATSfunctions_4_1.txt	regulation
CITYFLO solution	f:	../CMT_FDE/ANALISYS/Prog2/Bombardier_merge_1.txt	CITYFLO solutions	CITYFLO solution
application	f:	../CMT_FDE/ANALISYS/Prog2/ieeeATSfunctions_4_1.txt	application
system architecture	f:	../CMT_FDE/ANALISYS/Prog2/Bombardier_merge_1.txt	System Architecture
response	f:	../CMT_FDE/ANALISYS/Prog2/ieeeATSfunctions_4_1.txt	response
speed restriction	f:	../CMT_FDE/ANALISYS/Prog2/ieeeATSfunctions_4_1.txt	speed restrictions
interoperability requirement	f:	../CMT_FDE/ANALISYS/Prog2/ieeeATSfunctions_4_1.txt	interoperability requirements
user	f:	../CMT_FDE/ANALISYS/Prog2/ieeeATSfunctions_4_1.txt	user	users
door control inhibit	f:	../CMT_FDE/ANALISYS/Prog2/ieeeATSfunctions_4_1.txt	Door control inhibit
dispatching function	f:	../CMT_FDE/ANALISYS/Prog2/ieeeATSfunctions_4_1.txt	dispatching function
frequency band	f:	../CMT_FDE/ANALISYS/Prog2/Bombardier_merge_1.txt	frequency bands
