sport result
integrated control
I/O
high system Availability
building
emergency Brake control
asia pacific
capacity driverless
switched-and
CCTV equipment
remote-maintenance system
art communication
CBTCî advantage
URBALIS atc intelligence
Entrance c
energy
station stopping
portfoliosof conventional trackside
upgrade
maintenance supervision system
transportation service
PSD radio
Lausanne
Malaga
Ease
street level
metro system
software tool
network technology
land transport authority
security system
broadband communication network
signaling solution
institute
DETER
advance scheduling function
west street
redundancy of architecture
Alstomís solution
proven
city centre
ALSTOM OFFER
driver machine interface
passenger amenity
Backbone network
Alstom URBALIS technology
Time-Distance Graph
product information
system growth
brazil Phone
business
staff
right
transport environment standard
CBTCî
russia commonwealth
suite
entertainment range
Raf.es place
minimises service disruption
Networked CBTC version
Lausanne M2
account operational constraint
standard
train control requirement
Users benefit
commuter
closed circuit television
mass transit solution
forest Certi.cation
tunnel route
network solution
implement
time interval
control center.
sys ≠tems software
SCADA
service mark
asset planning
beijing line
visibility
train network
metro line
rail transport
railroad application
Signalling
Sasso / k
mainline rail system
train connection
canada
YUS
CENELEC *
rail line
revenue from advertisement
make of train
lifetime support
Asia-Paci.c Alstom transport
point machine
URBALIS network
advance communication BASED
subway train
network safety
number of section
EUROBALISE beacon
center via network
security function
maintenance operation
function beyond security
route setting
migration strategy
ride
METROOPERATIONS
content
ticket purchase area
radio network
OFDM carrier
company
notice
radio CBTC solution
security management
building block approach
solution offering
automatic train supervision
URBALIS technology
speed profile
DISRUPTION TOCOMMERCIALSERVICE
enhances flexibility
rail control center
photo credit
century mass transit
transit network
rail infrastructure
freight network
multimedia capability
schedule
environment
china
automatic Failover
tunnel
standard INTERFACES
work for Caltrain
expert
field indication
data capacity
atlas
simulation
service enhancement
INTERMODAL station
express rail link
urban population increase
CPU minicomputer
condition of person
property
advance traffic problem
africa
lexington Ave
URBALIS module
medium content
core activity
project in parallel
printed
passenger safety
driver
s „o paulo
ALSTOM logo
train control solution
printed on PEFC
cityís
security solution
URBALIS
city
tunnel section
SMARTWAY conventional product
risk of crime
Real-time crowd surveillance
URBALIS driverless function
hardware technology
PEFC
integration of MIS
driverless operation
ICONIS control center
URBALIS global Success
incident on train
Maintenance Support system
Alstom transport |
DETECT
security focus
change
operating environment
testing of schedule
customer maintenance service
security enhancement solution
Supervisory control
constraint
PIS
OGT
line capacity
line Operation
usa
scheduling function
commuter line
montreal
interface module
second
infrastructure maintenance
revenue
withdrawnandarecontrolledtoarriveatstationswithaprecisionof1 second
easy maintenance
line extension
cable
train speed
information system
level
line possession
city dweller
expansion
security team
event noti.cation. site
condition
headway between train
transit
traffic environment
Driverless operation
security consulting service
solution limited
year of life
technology available today
TTC
Sanlitun Chaoyang district
Alstom Transport-led consortium
station equipment
contract option
turnkey contract
Alstom security system
today
Qiankun plaza
security concern
ICONIS delivers
simulator
delivery service
freight security equipment
IEEE802 ,11b/g standard
rail environment
graphic design
tunnel entry
ALSTOM
transport
energy saving
public Address
transit market
CTC
proof process
data communication system
incident
territory
russia Phone
transport application
control system guarantee
maintenance requirement
advertising
expertise
zone CONTROLLER
URBALIS solution
territory control
playback
control functionality
state
switched-and ≠reversible approach
control center
CBTC/ETCS operation
offline mode
risk management information
software specification
atc radio radio
module
toronto transit commission
expansion demand
URBALIS Moving block
transit line
propagation medium
implement vital function
middle east
use in train
rail control system
risk identification
madrid
power substation
singapore Phone
SMARTLOCK
toronto
document
ridership increase
interlocking relies
SMARTWAY
track laying
ICONIS network control
transport infrastructure
system size
operating need
Optimum train
operating
travel experience
line section
networkís size
SP
situation
train detection
component reliability
communication system
manager
second headway
year of experience
URBALIS Modular
subway
function for control
Alstom transportation
advanced technology
version thereof
infrastructure operator
madrid light rail
Subway CBTC Renovation
URBALIS CBTC technology
URBALIS control system
spain Phone
passenger capacity
solution security solution
station environment
agent
excellence
maintenance monitoring function
c Sasso
security Systemís architecture
level of performance
track equipment
circle lines
modularity
OEM equipment
cityís driverless subway
/ r Vilalta
WiFi device
IEEE
night shift
PSD
Alstom transport
interlocking
simulator performs
trackside
customer support
name
institute of Electrical
operator training
Alstom offersone
Programme for Endorsement
SMARTLOCK control technology
security project
URBALIS DELIVEREDPERFORMANCEON
beijing
video
train interval
worldís
africa Alstom transport
easy integration
trademark
new york NY
core technology
object on track
train control operation
borne Ethernet network
system integrator
michael Wheatley
ERTMS/ETCS2 mainline application
infrastructure
data transmission platform
migration
anderson lambert +44
singapore north east
protection support
Signalling Solutions
maintanability tool
CCTV
Networked CBTC
Alstom transport 5/F
transport securityóin
ICONIS
software
passenger information
risk of interference
datum communication
radio solution
clifford Centre singapore
Alstom safety computer
traffic control
centralizedMaintenance Support system
price
audio recorder
latin america
Endorsement
advance train traffic
Istanbul
point-to-point test
meeting immediate NEEDS
contract
staff and
train-ground communication
immunity against interference
PSD PLATFORMSCREEN DOORS
subway in time
mainline passenger
SMARTLOCK interlocking
commuter train
Yonge-University-Spadina line
account infrastructure
I/O INPUT/OUTPUT
trackside safety computer
spain
sequence of event
train technology
range of state
range
olympic game
todayís
station stop
capacity
Programme
suburban
Signaling system
LINKING line
data acquisition
stock market information
europe
block ato
operating mode
electronics engineer
railroad
rail network
HIGH-PERFORMANCE CBTC technology
use of resource
MSS
train-control
control function
control of telecommunication
asset
minimum
albert Dhalenne
emergency depot
performance CBTC solution
Alstom-built CITADIS vehicle
experience
multimedia software
Alstom Signaling inc
passenger security
tunnel system
train traf.c control
rail asset
resource
rail
Driverless
usa Phone
Smartlock Interlocking
Networked CBTC system
time of publication
interlocking function
person
Alstomís simulator
playback control
IEEE *
safety computer
intrusion control software
interference
Lausanne transport authority
SDH Multi-Service network
position of train
option
maintenance information
operating condition
ruth
operation performance
P.R. china Phone
CBTC technology
URBALISRADIO CBTC
security
city of Malaga
range of utility
Lausanne metro
Alstom
future of energy
CENELEC
transit system project
transit infrastructure
video playback
journey time
Alstom score
passenger information equipment
Beijingís airport
obsolescence management
Chinaís capital
Moving block principle
real-life situation
system solution
SMOOTHER MIGRATION
PIS passenger INFORMATIONSYSTEM
response
feature redundancy
transit control system
Summary
face of todayís
security center
Ease of use
simulation system
user
account
Tunnel camera
subsidiary jeffrey s
Muzha depot
Muzha system atc
rail transit
line of Sight
Norming point
automatic train control
recovery system
radio communication
sub-systems
emergency brake stop
Region ato computer
skip station
Bombardier CITYFLO product
RS-485 serial network
date CBTC product
tolerance in equipment
railway
Neihu-Muzha line
cost of operation
announcement
datum radio
block CBTC technology
system element
track switch
mobile data radio
RATP Roll-back protection
integration of vehicle
subsidiary
transmits datum
atp system
brownfield environment
Muzha system
production Neihu vehicle
route
emergency braking
automatic train protection
VATP Parted-Train protection
trainborne ATCs
Muzha wayside equipment
resumption of operation
Bombardier transportation
mobile Antennas
radio signal
lost-communication train
automatic Startup
BDR
capability
safety restriction
Neihu OCC
term
train initialization information
Region control equipment
Muzha
jerk limitation
set
Additional new vehicle
EBI cab system
end of route
CITYFLO segment Layout
transition
safety the CITYFLO
propulsion control unit
Neihu wayside system
collection of switch
er.com jeffrey s
product line
solution eliminates
congestion
preparation for integration
radio frequency
taipei
occupancy
jerk
report generation
pittsburgh in preparation
application of CITYFLO
traction SCADA
Norming
Bombardier in taipei
transmission
RF-to-fiber conversion unit
initialization process
determination of location
area
route assignment
coaxial cable
vehicle alarm
rapid transit
mass transit system
headway regulation
car wash
datum logger
vehicle equipment
atp system interface
overlay project
CC subsystem
spread spectrum radio
overview in Fogure
RATO
RATP
Region atp computer
taipei city government
braking Interlocks
end
railway network
railway solution
track circuit
site in taipei
Radiax cable
MBCS
customer s need
Introduction Increased urbanization
fleet hold
mobile
wayside element
evolution
message
time of resumption
OCC
development effort
communication system INTERFLO
industry standard interface
datum logging
Dallas/Fort worth
wayside control system
place during Phase
Neihu-Muzha line system
RF system
system from central
speed of zero
philosophy of interoperability
operation control system
moving-block system
station sign
los antenna
action
block
braking
order
benefit of CBTC
CITYFLO Monitoring system
spread spectrum technology
testing
Neihu extension
coaxial antenna
role in today
pittsburgh test track
ATS system
retrofit
onboard attendant
Wayside network backbone
central control
status
onboard
atc CITYFLO
train movement control
cell
system operation
train control DSSS
cutover
overview of CITYFLO
rail control
design Features CITYFLO
time of occurrence
atc cutover
Sight antennae
failure management strategy
CFMS
door control
redundancy
rail operator
Sequence Spread spectrum
Neihu/Muzha project
Neihu system
control centre operator
CITYFLO system
type of vehicle
block CITYFLO
OCC during Phase
ato system
ATS functionality
CBTC system installation
jeffrey s
service disruption
rail transportation
Muzha line
block system trademark
movement
ghz band
atc region
Moving-Block system
Neihu
Bombardier INTERFLO
london heathrow terminal
segment layout
UTO
TRS
EBI cruise system
configuration datum
implementation of speed
Neihu central control
flexibility in term
design process
MDR
vehicle integration issue
RATP Occupancy generation
action in order
disruption
interoperability
term Moving block
Bombardier inc
occupancy detection
DTO/UTO
wayside device interface
system performance
october
Sight
system issue command
Phase
storage
switch
train control data
hour
design
cost of fuel
place in preparation
Region atc refers
RF distribution
safety critical task
position error
requirement
minute
master
wayside equipment
LRT tunnel system
application
traffic capacity
radio connection
VATO Onboard
frequency band
TWC equipment
Wayside
central control equipment
metro installation
discussion
block technique
interlocking system
maintenance technician
train Registry system
train in MBCS
movement of train
identification
head footprint
atc equipment
LRV control system
high-performance backplane bus
element
TWC
redundant configuration
system Overview
term Region atc
overlay in order
demand
signalling solution
EBI cab
RF
communication highway
base data radio
cab signalling
mass transit market
mass transit requirement
vehicle atc system
line system INTERFLO
ATS control screen
display system
BDRs
antenna network
device
sweeping
interoperability conclusion
system management function
Norming point Tag
key word
Wayside communication
Norming Points
Muzha revenue service
message identifies
VATO
contract in mid-2003
interoperability element
EoCell equipment
VATP
VATO Stopping accuracy
Operational central control
onboard mobile antenna
Manual tram
initialization
Stover CITYFLO
Conflict point
train in Front
vehicle ATP/ATO equipment
line speed limit
Wayside network
user interface
Sight MDR
Neihu line CITYFLO
pair per train
VATC
automated
override request
section of track
Segment Number
worst-case performance parameter
madrid metro
Neihu vehicle
emergency Walkway location
mass transit operator
RF distribution network
south korea
Bombardier CITYFLO Solutions
coaxial cable segment
control operator workstation
emergency brake
Neihu line
EoCell device
segment
Muzha/Neihu line
atp
ato
positioning error
Muzha vehicle retrofit
overlay
transition area
RF-to-Fiber master converter
INTERFLO
STO metro system
route segment
train location
line of sight
taiwan
Conflict
failure
EoCell
Region
radio Frequency STO
region
Region ato unit
distance
planning skill
concept
master b
effort
service history
ATP/ATO maintenance datum
master a
central
Muzha vehicle
service brake
end of line
test vehicle
ERTMS
overview
delivery
figure
Bombardier CITYFLO
auto operation
door operation
ITU recommendation
pair
VATO train operation
position measurement error
processor for safety
Continuous track
CITYFLO monitoring system
step
location
rail transit application
Muzha automated line
radio system
train control product
occupancy generation
ATS display
atc operation
program
train operation
Conventional
Driverless train Operation
traffic demand
layout change
system in place
Brownfield nature
safety
fat
Brownfield project
vehicle atc
plan
Neihu line enters
case
Muzha switch
phase
train movement
vehicle ato
Muzha central control
vehicle atp
control datum
braking distance
tag in turn
driver function
metro
Standby unit
Radiax
cell fails
Distribution Amplifiers
rail industry
stock asset
reliability
information system INTERFLO
train Occupancy
installation of CBTC
automatic Restart
wheel axle
los
fall
customer requirement
power
place
number of region
CITYFLO
wayside atc
CBTC on-board system
display
ERTMS level
power transmission
Neihu depot
vehicle tag reader
automatic operation
train operation system
train management
CITYFLO CBTC system
atc system
site
Centralized Maintenance office
power distribution
ATS system monitor
Bombardier
choice
UITP president
NOTATION ATS
operator interface
customer s requirement
train operation TRS
Region atp
Region ato
UTO system
information about CITYFLO
Region atc
testing program
base datum radio
event of failure
train dispatch
tag
VATP Overspeed protection
power supply
tag reader antenna
development
track in
interlockings
radio component
platform door
location datum
wayside
Conflict Points
market
central control network
service proven component
radio transmission
central control system
Region Boundary
purpose
cab
train control equipment
salient feature
test track
mainline solution
error
point
Segment
transponder interrogator
MovingBlock system
Region Number
Rear of train
rail vehicle
train occupancy
introduction
STO CBTC
san francisco
Additional workstation
process
advantage
implementation
railway industry
tag location
madrid metro lines
CCO
command
onboard operator
CITYFLO solution
wheel diameter
train control datum
challenge
Moving block Concept
block Locations the
construction share
CTC with STO
CBTC line
stopping accuracy requirement
Headways
driverless version
km of line
south of paris
CBTC sub-system
Fixed-data balises
Setup principle
barcelona
Guangzhou
forefront of technology
level of automation
operation center
rail traffic
impact
driving instruction
investment
opportunity
siemens component
airport
mass transit authority
stop
size
broadband
km of track
Nanjing ‘s
interchangeability requirement
Airlink
stepwise
Lille
performance requirement
logistics solution
hdtv
algiers transport authority
High-availability Sicas interlocking
fall-back solution
quality of service
mobility in city
answer
stage
kilometer
data communication
installation of equipment
CBTC system equips
beijing metro
GPS
color light signal
itc
france
radio link
wayside infrastructure
Lyons line d
broadband wireless connection
control system
signal
Maintenance
paris Orly
CBTC equipment
IP protocol
WLAN radio
level of control
fleet operation
communication technology
communication for staff
transportation network
duplex voice communication
future backbone
broadband onboard connection
Wi-Fi backhaul system
access point malfunction
WLAN transmission channel
delivery guarantee
line in operation
headways
balise system
line in beijing
education facility
metro network
time overview
landside system
emergency situation
WLAN component
platform concept
infrastructure equipment
supervision
proven CBTC solution
Istanbul line
paris transport authority
rail metro
odometer pulse generator
objective of Ouragan
kilometer of track
Meteor
stepwise commissioning
shuttle operation
term of bandwidth
serve for example
olympic branch
chicago o
Vicos oc
year of success
driverless system
signal change
evolution in performance
channel
Doppler radar sensor
cargo traffic
mode operation
turnkey driverless solution
system in case
cost saving
thanks
WLAN communication
GPS datum
WLAN access point
moving-block principle
project in china
Driverless system
standard in automation
Flash OFDM 3G
ixl
track-to-train datum communication
wayside CBTC
STO train
issue
WLAN server
BKV
train supervision system
Trainguard MT CBTC
track-to-train connectivity
design flexibility
Vicos
travel time
butler network
operator requirement
speed supervision
block signalling
railway operator
￼Trainguard MT CBTC
ixl TVD
key factor
functionality
VAL for airport
world of CBTC
overlay solution
￼Trainguard MT
ato capability
december
share
camera
Sicas
video surveillance
km
VAL in city
wheel rotation
solution of itc
transportation possibility
answer for mobility
At-seat Audio
challenge of time
transport authority
maintenance cost
requirement for performance
future
onboard internet
black box
Driverless train operation
Interlocking train control
line d
com
passenger service
passenger counting information
broadband bandwidth
balise
serve
automation system
automation
Canarsie line
freepropagation
operation management
Real-time Operation datum
CBTC solution
paris line
realtime
train control method
variety of solution
radio technology
performance broadband connection
Moving block Signalling
upgradeability of bandwidth
unit
siemens pulz8
barcelona line
Wenyuan station
track operation
transportation provider
DTO
train fleet
efficient train control
communication channel
refurbishment
paris Ouragan
operation control Centre
Intermittent track-to-train communication
point of sale
station from Huangzhou
platform enable operator
interface between radio
plenty of muscle
impact on operation
WLAN
procurement strategy
propagation radio solution
pa
transport today
home pc
variety of application
Airlink combine
train for CCTV
leadership for interoperability
cellular coverage
strategy
Trainguard MT
interchangeability
CTC operation
software platform
traffic split
ato algorithm
transmission system
STO
migration phase
track-to-train communication
traction power sub-system.
leu
iec WG
itc level
service for passenger
safety by compliance
system design
monitoring
track vacancy detection
benefit
quality
budapest line M4
line length
need for capacity
signalling system
budapest line M2
radio device
mobility
Intermittent train control
WLAN router
world leader
CBTC train
track-to-train datum transmission
Nanjing metro
olympic branch line
standardisation committee
block atc technology
mainline train
train in operation
backhaul system
metro control system
bandwidth
track-to-train transmission system
landside
Wayside CBTC sub-system
driver for communication
transportation
diagnostics
Jiakou station
itc with STO
3G
Incident analysis
new york city
principle in combination
train control level
operation control
focus on quality
pa BF
bandwidth need
frequency shift
upgradability of bandwidth
behaviour under operation
Eurobalise S21
solution of CTC
budapest transport authority
train control application
mainline transport
wayside network
communication via WLAN
siemens' pa
energy consumption
choice for commuter
communication infrastructure
moving-block technology
onboard train equipment
train departure
CBTC standard
Guangzhou metro lines
system setup
advantage of Airlink
datum communication system
movingblock principle result
train control Solution
budapest
siemens' answer
sensor fusion algorithm
concept of interchangeability
speed limit
system Router
STO DTO
service frequency
balise telegram
scalability
lyons line d
city center
train speed control
Ouragan
Trainguard MT project
revenue stream
train protection
Flash OFDM
railway application
Variable-data balises
passenger protection sub-systems
service planning
realtime passenger
rail automation
train attendant
Rennes
level for part
siemens
automation level
fleet management
VAL
train tracking
bus passenger
solution in term
train separation
type of balises
subway line
depot area
connection
Internet onboard
train regulation
CTC level
efficiency
rail operator DSB
balises
stepwise installation
moving-block
cost effectiveness
public data system
￼Environment adaptability
connection from Airlink
need for transport
maintenance support
kind of application
Maggaly
transport system
system component
equipment thanks
maximum flexibility
Moving block
algiers line
headway requirement
Configuration / Diagnostic
olympic park
overlay system
gaulle airport
reliability upgrade
passenger comfort
olympic line
china's megacities
data communication sub-system
passenger infotainment
radio design network
upgradeability
Trainguard
Moving block CBTC
access point
radio coverage
CCTV channel
efficient
broadband connection
realtime CCTV Streaming
passenger volume
train supervision
￼￼￼￼￼￼￼￼￼￼￼￼￼Trainguard MT CBTC
time passenger information
flow of traffic
compliance with interoperability
safety thanks
case of refurbishment
signalling contract
train set
resignalling
transport capacity arises
staff on-board
reference
CBTC operation
day
combination
media Content Platform
metropolitan train set
waiting time
kind
security demand
Toulouse
connection cable
paris metro
reversal of train
￼Greenfield installation
digital advertising
moving-block functionality
ground
line M2
LTE
radio communication system
internet connection
tomorrow's challenge
control operation
signaling
wayside CBTC system
part
logistics
key element
block driverless system
telecommunication regulation
paris
Trainguard MT installation
Airlink work
mexico city
term of performance
radio equipment
communication performance
lyons
operator console
Nanjing line
caching feature
datum transmission
compliance
railway environment
driver action
SelTrac technology
station stopping accuracy
system management center
ion
CBTC system Proven
command menu
travel direction reversal
wayside zone Controller
CLEAR division OF
path
SelTrac S40
rail mass transit
tel
circuitry
SelTrac MB control
datum communication technology
corporate drive
enabling customer
time of day
pr int ed
microprocessor unit
vehicle type
end system performance
revenue potential
%
Icon color change
range of propulsion
passenger throughput
SelTrac MB technology
ease of installation
Interlocking
train parameter
delay
Driver Signaling response
zone Controller
speed information
SelTrac S30
coupling/uncoupling vancouver SkyTrain
generation of vehicle
germany Lorenzstrasse
icon
health-status monitoring
alcatel team
bp
system management Centre
SelTrac solution
train performance
operating at speed
SelTrac S20
INTEROPERABILITY SelTrac technology
Provides high availability
shuttle service
overlay enhancement
c
train protection mechanism
san francisco MUNI
g
guideway parameter
tie-in
interaction between function
l
m
n
advantage alcatel
sf MUNI
s
NetTrac MT platform
t
position determination
w
click option
headway by way
SelTrac S10
las vegas monorail
life-cycle cost
revenue operation energy
SelTrac control
Trackside transponder tag
Icon colour change
switch protection signal
schedule Monitoring status
installation of SelTrac
light rail application
spread-spectrum radio
transponder tag
VOBC
requirement of operator
alcatel
Millharbour london tel
P m
SelTrac CBTC solution
schedule adherence
train by mean
platform availability
capacity situation
track location
station Assigning
rail fleet
rail transit operator
amount of disruption
sid
hour with installation
Autom atic Tra
USD per year
availability of train
Threetier super vision
spread-spectrum radio technology
platform intrusion
vehicle On-Board Controller
safety in partnership
SelTrac S30 CBTC
4IME PROVEN SOLUTION
passenger announcement
data communication option
management
t r a
Braid street extension
train operating hour
era t ion
decade
Shan rail
need of operator
velocity restriction
open-system philosophy
vehicle make-up
software parameter
management requirement
functionality over time
Driver Supervised Constrained
dispatcher
alarm message
SMC
hardware addition
las vegas
A-1211 vienna tel
USD equipment minimisation
energy conservation
status of train
level functionality
other
headway allowance
moving-block design
customer specific operation
vehicle system
LockTrac electronic interlocking
train control capability
system capacity
emergency condition
rail transit operation
integration of function
conjunction
ATS platform
era
broad-band radio technology
Bombardier transportation Per
Fully automated Operation
rail transit system
v lizy tel
deployment
Shan line
travel direction
USD
NetTrac MT
includ ing
safety net
capital investment saving
metro infrastructure
era t
stem contro l
platform door control
tower a
separation signal
axle counter
Lat
signum l ing
ESS TRACKSIDE equipment
station Controller Subsystem
wheel size calibration
unica t ion
%ASE of installation
alcatel CBTC system
modularity of design
SelTrac MB
west rail
industry standard
future migration path
coupler
operator intervention
control territory
train velocity
S10
open-standards radio CBTC
alarm handling
IP interface
interlocking design
technique
tect ion
other Bombardier london
feature of S20
compensation for wheel
S20
sand on train
auxiliary
transponder
world vancouver SkyTrain
system disruption
Quick-start reset
accordance with scheduling
train location information
SelTrac system solution
schedule recovery
condition change
wheel
vehicle control Centre
advance information
S20 FUNCTIONAL ITY
transit operator
Proven Techno logy
pc
vancouver SkyTrain
capital expenditure
interfacing
city Sign
Contro l ler
speed restriction
revenue CBTC km
track layout
STC
,54)/.
network in mind
Jubilee
subsystem interchangeability strategy
demanding of condition
growth n
emergency stop request
system improvement
standard feature
london Underground
Brake Propulsion
hong kong
upgrade for application
Massy tel
communication subsystem
automatic Junction management
function s %ASE
direction vs
ULLY PROTECTED BI
automation from Speed
Dubai red
stopping point
complexity
train behaviour
sa
Ormont drive toronto
switch deadlocking
CH-8055 zurich tel
safety case acceptance
S30 FUNCTIONAL ITY
glance
n etTr
function compatibility
performance in term
degree of precision
office austria Scheydgasse
controller
SelTrac CBTC
decision
SelTrac MB flexible
revenue service shanghai
fault management capability
team
announcement in station
functionality need
call
track condition
degree of accuracy
station dwell
mode traffic
china 12F
failure management capability
IMPROVED safety AUTOMATION
use of transponder
headway performance
scheduling
radio communication technology
profile supervision
VCC command
train supply
dispatching
device like switch
sa fety flexibility
degree
green line
track restriction
revenue operation
west rail system
support
signal control system
automatic performance modification
maintenance practice
system modularity
Kowloon-Canton railway corporation
year in energy
saving in operation
speed monitoring
SelTrac CBTC system
wheel slip/slide s
attendant/driver on board
track record Continually
superb operational flexibility
driving profile
safety integrity requirement
solution of choice
ramirez de Prado
performance evaluation
Provides
decade track record
interfacing technique
S30 with interlocking
train per hour
train control functionality
d in c
station s avoidance
stem
microprocessor
antenna
cost efficient way
fax
ANY other SUBSYSTEM
obstacle
signal Safeguard
driver fail
year track record
facilitate cost-effective system
position report
communication capability
SelTrac configuration
VCC
select image
service removal
technology system
S10 FUNCTIONAL ITY
space wireless communication
overlay in parallel
OW life
train within velocity
operator significant cost
siemens KoRail
term of headways
supplier subsystem
computer
space radio CBTC
madrid tel
system performance degradation
n s h
line in paris
way of overlay
SelTrac
fleet without change
degree of safety
track noise
interfacing issue
irectiona l operation
transit system
decade with alcatel
no ADDITIONAL HARDWARE
attention trip
train s Interfacing
signal interface Device
behaviour
minimum impact
cost sa
feature into play
door
ground reference calculation
build-up process
block technology
Assigning
project team
SMC workstation
performance standard
switzerland Friesenbergstrasse
present information
Thales
Contro l
point machine control
ato functionality
train northern
kuala lumpur PUTRA
station platform stop
speed enforcement
SelTrac MB cost
position indicator
wheel slip/slide Provides
SelTrac system
LAN technology
commitment
Stuttgart tel
DCS
replacement
management SelTrac S40
Peak-service train launch
limitation
configuration
train separation control
track record Thales
signal at danger
united kingdom 1F
car type
SelTrac S40 solution
atp feature
parallel
pacific century place
parameter
automatic incident management
guideway
value
ion Contro
amount
manpower requirement
speed control
enforcement support
radio communication viability
velocity
restriction of fixed-blocks
communication as train
rail extension ma
growth
hardware failure
datum communication component
movement in conjunction
component failure detection
operation Schedule recovery
vehicle size
methodology
