(
)
,
.
/
1
2
3
4
443
80
:
Ad
Con
Descrizione
File
HTTP
HTTPS
Internet
L
LAN
Normalmente
PC
Pagina
Web
Wide
World
a
accesso
ai
al
all
allo
altre
altri
anche
applicazione
attraverso
browser
client
computer
consentire
d
da
dai
dedicati
dedicato
dei
del
della
di
documenti
eseguito
esempio
essere
files/server_web
fisico
gestire
grado
hardware
home/natan/workspace/CMT/test
host
i
il
in
input
insieme
installare
installata
installazione
intende
interno
l
le
livello
locale
ma
mondiale
normale
o
offerti
oppure
ove
pacchetto
per
pi
porta
postazioni
previa
propri
proprio
provenienti
pu
relativo
rete
richieste
risiedano
risiede
rispettivi
scopi
scopo
server
servizi
si
sia
sistemi
sito
software
su
terminali
testare
tipicamente
tutti
un
uno
utilizzati
vari
via
vita
web
