(
)
,
.
/
1
2
3
4
:
Controller
Descrizione
File
HTTP
In
Java
L
MVC
Model-View-Controller
Nulla
Pagina
Per
Questa
Sotto
Tomcat
URL
Un
Una
a
ad
al
all
altro
applet
applicazione
applicazioni
appoggiandosi
architettura
associata
associate
avere
basata
browser
che
client
conferma
contrappone
correttezza
cose
credenziali
cui
dal
database
decider
dei
del
dell
della
delle
dello
deriva
determinate
determinato
deve
di
digita
dinamiche
diverse
diversi
e
elaborazione
errore
es
esegue
eseguono
esempio
essere
estender
far
files/servlet
frequente
funzionalit
generare
girare
home/natan/workspace/CMT/test
il
in
indirizza
informatica
input
inserite
interno
invece
inviata
invocare
invocata
la
lato
le
linguaggio
login
meccanismo
miosito/login.login
modo
molteplici
nel
o
oggetti
ognuna
operano
ottica
pagina
pagine
parametri
parte
particolare
pattern
per
pi
piccoli
possano
potenziandone
potrebbe
processa
programma
programmi
pu
quale
quali
quando
quest
realizzazione
regole
richiesta
riconoscimento
ricorrere
riferisce
risorse
rispettare
risultato
scritti
seconda
server
servlet
si
significato
sono
stesso
su
tipo
un
una
uso
utente
verifica
viene
vieta
visualizzare
volta
web
