train regulation	f: ../CMT_FDE/ANALISYS/Progetto1/ieeeATSfunctions_4_1.txt i: 4936-4952 6441-6457 
los antennas	f: ../CMT_FDE/ANALISYS/Progetto1/Bombardier_merge_1.txt i: 50692-50704 50849-50861 
equipment	f: ../CMT_FDE/ANALISYS/Progetto1/Bombardier_merge_1.txt i: 4695-4704 5323-5332 7427-7436 9612-9621 9665-9674 10934-10943 13053-13062 14668-14677 14845-14854 14962-14971 15363-15372 15638-15647 15895-15904 16412-16421 17644-17653 18613-18622 21805-21814 24954-24963 29959-29968 31703-31712 33243-33252 33322-33331 33636-33645 41304-41313 43074-43083 43166-43175 43279-43288 43840-43849 49701-49710 50898-50907 51992-52001 f: ../CMT_FDE/ANALISYS/Progetto1/ieeeATSfunctions_4_1.txt i: 11464-11473 12150-12159 12258-12267 12308-12317 12433-12442 12490-12499 12633-12642 
CBTC system	f: ../CMT_FDE/ANALISYS/Progetto1/Bombardier_merge_1.txt i: 964-975 3484-3495 5882-5894 6346-6358 7266-7277 7452-7463 7687-7699 7887-7899 7983-7995 21292-21304 21668-21680 21774-21786 23463-23475 24593-24605 33907-33919 34387-34399 50274-50286 f: ../CMT_FDE/ANALISYS/Progetto1/ieeeATSfunctions_4_1.txt i: 362-373 2175-2186 2265-2276 2399-2410 5985-5996 6210-6221 7363-7374 7885-7896 8297-8308 9043-9054 9623-9634 10023-10034 10309-10320 11067-11078 
energy optimization algorithms	f: ../CMT_FDE/ANALISYS/Progetto1/ieeeATSfunctions_4_1.txt i: 6770-6800 
installation	f: ../CMT_FDE/ANALISYS/Progetto1/Bombardier_merge_1.txt i: 3968-3980 7464-7476 7829-7841 8940-8952 9012-9024 9241-9253 9576-9588 12271-12283 13029-13041 13420-13432 14216-14228 15447-15459 15583-15595 15793-15805 16572-16584 16878-16890 17331-17343 18493-18505 18546-18558 21167-21179 38816-38828 
ERTMS level	f: ../CMT_FDE/ANALISYS/Progetto1/Bombardier_merge_1.txt i: 30711-30722 30817-30828 
time	f: ../CMT_FDE/ANALISYS/Progetto1/Bombardier_merge_1.txt i: 6202-6206 6874-6878 13259-13263 14581-14585 16211-16215 17143-17147 17662-17666 23343-23347 25297-25301 32585-32589 34243-34247 34848-34852 40471-40475 42126-42130 42149-42153 49676-49680 
system hazard	f: ../CMT_FDE/ANALISYS/Progetto1/ieeeATSfunctions_4_1.txt i: 1802-1816 8759-8773 
movement	f: ../CMT_FDE/ANALISYS/Progetto1/ieeeATSfunctions_4_1.txt i: 4099-4107 4494-4502 4573-4581 4763-4771 9686-9694 
system architecture	f: ../CMT_FDE/ANALISYS/Progetto1/Bombardier_merge_1.txt i: 3706-3725 3928-3947 4004-4023 32866-32885 37671-37690 38553-38572 38776-38795 38866-38885 
CBTC-equipped train	f: ../CMT_FDE/ANALISYS/Progetto1/ieeeATSfunctions_4_1.txt i: 2859-2878 3260-3280 3685-3705 4518-4538 5447-5467 6143-6163 6805-6825 7189-7208 7489-7508 7697-7716 8009-8028 8145-8164 8177-8197 8975-8994 9007-9027 9650-9670 
supplier	f: ../CMT_FDE/ANALISYS/Progetto1/ieeeATSfunctions_4_1.txt i: 12177-12185 12289-12297 12517-12525 12664-12672 
train door	f: ../CMT_FDE/ANALISYS/Progetto1/ieeeATSfunctions_4_1.txt i: 8603-8614 
automatic train protection	f: ../CMT_FDE/ANALISYS/Progetto1/Bombardier_merge_1.txt i: 3064-3090 6650-6676 8778-8804 26888-26914 29920-29946 
group of CBTC	f: ../CMT_FDE/ANALISYS/Progetto1/ieeeATSfunctions_4_1.txt i: 7214-7227 8168-8181 8998-9011 
CBTC territory	f: ../CMT_FDE/ANALISYS/Progetto1/ieeeATSfunctions_4_1.txt i: 2896-2910 3298-3312 3719-3733 4552-4566 5121-5135 9395-9409 9605-9619 12216-12230 
train stop information	f: ../CMT_FDE/ANALISYS/Progetto1/ieeeATSfunctions_4_1.txt i: 7396-7418 
Neihu line	f: ../CMT_FDE/ANALISYS/Progetto1/Bombardier_merge_1.txt i: 10106-10116 13211-13221 13279-13290 13373-13384 13956-13966 18386-18396 
project	f: ../CMT_FDE/ANALISYS/Progetto1/Bombardier_merge_1.txt i: 8439-8446 9776-9783 9976-9983 10436-10443 10474-10481 10810-10817 11720-11727 12699-12706 14191-14198 14404-14411 14507-14514 16360-16367 18044-18051 18434-18441 18747-18754 18896-18903 20125-20132 
train identification	f: ../CMT_FDE/ANALISYS/Progetto1/ieeeATSfunctions_4_1.txt i: 2813-2833 2931-2951 2958-2978 
system	f: ../CMT_FDE/ANALISYS/Progetto1/Bombardier_merge_1.txt i: 202-209 338-345 378-384 412-418 643-650 724-731 969-975 1017-1023 1654-1661 1969-1975 2257-2264 2456-2463 3206-3212 3431-3437 3454-3460 3489-3495 3628-3635 3706-3712 3757-3764 3928-3934 4004-4010 4199-4206 4437-4444 4456-4463 4538-4544 4582-4589 4827-4833 4903-4910 5854-5860 5887-5894 6351-6358 6424-6430 6761-6767 6929-6936 7042-7048 7212-7218 7271-7277 7304-7310 7457-7463 7692-7699 7811-7817 7892-7899 7988-7995 8166-8173 8859-8866 8985-8991 9179-9185 9808-9814 9866-9872 10251-10258 10313-10319 10515-10522 10648-10654 10751-10757 10769-10775 11586-11592 11776-11782 11995-12001 12090-12096 12650-12656 12883-12889 13408-13414 13460-13466 13537-13543 13830-13836 14540-14546 14762-14768 14903-14909 15087-15093 15149-15156 15343-15349 15555-15561 15941-15947 16445-16451 16669-16675 17032-17038 17202-17208 17504-17510 17751-17757 17999-18005 19442-19448 19698-19704 20431-20438 20522-20528 20686-20692 20727-20733 20854-20861 20926-20932 21297-21304 21383-21390 21673-21680 21761-21768 21779-21786 21988-21995 22160-22166 22344-22351 22455-22461 23468-23475 23688-23695 24030-24037 24175-24182 24300-24307 24335-24342 24598-24605 24655-24662 24808-24814 25182-25189 25505-25511 25950-25956 26237-26244 26365-26371 26718-26724 27098-27104 27127-27133 27488-27494 27576-27582 27737-27743 27988-27994 28553-28560 28773-28779 28799-28806 28926-28933 28971-28977 29256-29263 29731-29737 29862-29869 29900-29907 29982-29988 30269-30276 30397-30403 30519-30525 30566-30572 30648-30654 30691-30697 30797-30803 30869-30875 30927-30933 30979-30985 31154-31160 31241-31247 31330-31336 31517-31523 31990-31996 32106-32112 32295-32302 32692-32698 32798-32804 32866-32872 33011-33017 33039-33045 33405-33412 33472-33478 33912-33919 34392-34399 34735-34741 34974-34980 35197-35203 35333-35339 35569-35575 35734-35741 35837-35843 35869-35875 35928-35934 36224-36230 36278-36284 36437-36443 36466-36472 36644-36650 36751-36757 36828-36834 37056-37063 37138-37144 37513-37519 37646-37652 37671-37677 37730-37736 37811-37818 37974-37980 38240-38246 38433-38439 38553-38559 38604-38611 38661-38668 38776-38782 38866-38872 39301-39307 39343-39349 39419-39425 40315-40321 40454-40460 40551-40557 40654-40660 40744-40750 41055-41062 41622-41628 41654-41660 41729-41735 42318-42324 42467-42473 42507-42513 42574-42580 42687-42693 43383-43390 43477-43483 43521-43528 44228-44235 44311-44317 44377-44383 44624-44630 44640-44647 45097-45103 45133-45139 45214-45220 45309-45315 45707-45713 45821-45827 45996-46002 46068-46074 46127-46133 46441-46447 47049-47055 47158-47164 47197-47203 47344-47350 47414-47421 47519-47525 47902-47908 48212-48218 48826-48832 48897-48903 50279-50286 51226-51232 51674-51680 51934-51940 52372-52378 52578-52584 52656-52662 52709-52716 52837-52844 52890-52897 53381-53387 53690-53696 54434-54440 54979-54985 54992-54998 55149-55155 55718-55724 56175-56182 56263-56269 56697-56704 f: ../CMT_FDE/ANALISYS/Progetto1/ieeeATSfunctions_4_1.txt i: 134-140 367-373 909-915 1802-1808 2180-2186 2270-2276 2404-2410 3068-3074 3642-3648 4441-4447 4998-5004 5194-5200 5990-5996 6060-6066 6215-6221 6412-6418 6675-6681 6726-6732 7141-7147 7368-7374 7628-7634 7890-7896 8103-8109 8302-8308 8516-8522 8759-8765 8929-8935 9048-9054 9248-9254 9461-9467 9628-9634 9879-9885 10028-10034 10314-10320 10384-10390 10609-10615 10635-10641 10710-10717 10878-10884 11072-11078 11134-11140 
system performance	f: ../CMT_FDE/ANALISYS/Progetto1/Bombardier_merge_1.txt i: 20926-20944 32106-32124 41654-41672 
station sign	f: ../CMT_FDE/ANALISYS/Progetto1/Bombardier_merge_1.txt i: 47807-47819 47922-47934 
ATS function	f: ../CMT_FDE/ANALISYS/Progetto1/ieeeATSfunctions_4_1.txt i: 0-13 248-261 664-677 754-767 782-795 1144-1157 1586-1599 1624-1637 
wayside for display	f: ../CMT_FDE/ANALISYS/Progetto1/ieeeATSfunctions_4_1.txt i: 11582-11601 
automatic train regulation	f: ../CMT_FDE/ANALISYS/Progetto1/ieeeATSfunctions_4_1.txt i: 4926-4952 6431-6457 
wayside equipment	f: ../CMT_FDE/ANALISYS/Progetto1/Bombardier_merge_1.txt i: 10926-10943 14660-14677 14837-14854 15355-15372 15630-15647 15887-15904 16404-16421 17636-17653 21797-21814 29951-29968 33314-33331 33628-33645 
train health data	f: ../CMT_FDE/ANALISYS/Progetto1/ieeeATSfunctions_4_1.txt i: 11557-11574 
train control	f: ../CMT_FDE/ANALISYS/Progetto1/Bombardier_merge_1.txt i: 181-194 315-328 1955-1968 1996-2009 2435-2448 2893-2906 3608-3621 3743-3756 3914-3927 4524-4537 4835-4848 7028-7041 9059-9072 21747-21760 22964-22977 24016-24029 26808-26821 26961-26974 27864-27877 28759-28772 28785-28798 29014-29027 29242-29255 31503-31516 32418-32431 33229-33242 37499-37512 37632-37645 38186-38199 38226-38239 38590-38603 38762-38775 38852-38865 41911-41924 43463-43476 44363-44376 45829-45842 46054-46067 48953-48966 49920-49933 52810-52823 52876-52889 54420-54433 55135-55148 
optimization versus schedule/headway	f: ../CMT_FDE/ANALISYS/Progetto1/ieeeATSfunctions_4_1.txt i: 6960-6996 
TWC equipment	f: ../CMT_FDE/ANALISYS/Progetto1/Bombardier_merge_1.txt i: 5319-5332 43162-43175 51988-52001 
location data	f: ../CMT_FDE/ANALISYS/Progetto1/Bombardier_merge_1.txt i: 54067-54080 54145-54158 
train control product	f: ../CMT_FDE/ANALISYS/Progetto1/Bombardier_merge_1.txt i: 1996-2018 29014-29036 
Stover CITYFLO	f: ../CMT_FDE/ANALISYS/Progetto1/Bombardier_merge_1.txt i: 26699-26713 31222-31236 37119-37133 41603-41617 46422-46436 51915-51929 55699-55713 
data communication network	f: ../CMT_FDE/ANALISYS/Progetto1/ieeeATSfunctions_4_1.txt i: 977-1004 
Neihu depot	f: ../CMT_FDE/ANALISYS/Progetto1/Bombardier_merge_1.txt i: 11080-11091 12370-12381 15502-15513 
authority	f: ../CMT_FDE/ANALISYS/Progetto1/ieeeATSfunctions_4_1.txt i: 48-57 203-212 824-833 1175-1184 1388-1397 2771-2780 4403-4412 4503-4514 4582-4591 4696-4705 4772-4781 4889-4898 5697-5706 7037-7046 7822-7831 9695-9706 11658-11667 11911-11920 11981-11990 
figure	f: ../CMT_FDE/ANALISYS/Progetto1/Bombardier_merge_1.txt i: 2763-2769 3891-3897 3982-3988 12623-12629 20248-20254 38739-38745 38830-38836 38920-38926 41891-41897 51565-51571 51628-51634 53312-53318 53389-53395 55296-55302 55352-55358 
passenger information	f: ../CMT_FDE/ANALISYS/Progetto1/ieeeATSfunctions_4_1.txt i: 10587-10608 10688-10709 10739-10760 10856-10877 
metro installation	f: ../CMT_FDE/ANALISYS/Progetto1/Bombardier_merge_1.txt i: 3962-3980 38810-38828 
ability	f: ../CMT_FDE/ANALISYS/Progetto1/Bombardier_merge_1.txt i: 7005-7012 9627-9634 22393-22400 23081-23088 23420-23427 35851-35858 
car wash	f: ../CMT_FDE/ANALISYS/Progetto1/Bombardier_merge_1.txt i: 11115-11123 11856-11864 
number of region	f: ../CMT_FDE/ANALISYS/Progetto1/Bombardier_merge_1.txt i: 42785-42802 42851-42868 
door control inhibit	f: ../CMT_FDE/ANALISYS/Progetto1/ieeeATSfunctions_4_1.txt i: 8487-8507 
interoperability requirement	f: ../CMT_FDE/ANALISYS/Progetto1/ieeeATSfunctions_4_1.txt i: 11860-11889 12069-12098 
head footprint	f: ../CMT_FDE/ANALISYS/Progetto1/Bombardier_merge_1.txt i: 57095-57109 57171-57185 
interoperability	f: ../CMT_FDE/ANALISYS/Progetto1/ieeeATSfunctions_4_1.txt i: 11693-11709 11836-11852 11860-11876 12014-12030 12069-12085 12710-12726 
Muzha vehicle	f: ../CMT_FDE/ANALISYS/Progetto1/Bombardier_merge_1.txt i: 13644-13658 13736-13750 14351-14365 16308-16322 17070-17083 18474-18488 18785-18798 18865-18878 19040-19053 19146-19159 19367-19380 20053-20066 20150-20164 
end of line	f: ../CMT_FDE/ANALISYS/Progetto1/Bombardier_merge_1.txt i: 56055-56066 
moving-block system	f: ../CMT_FDE/ANALISYS/Progetto1/Bombardier_merge_1.txt i: 37961-37980 52565-52584 56162-56182 
october	f: ../CMT_FDE/ANALISYS/Progetto1/Bombardier_merge_1.txt i: 3306-3313 7601-7608 12542-12549 16752-16759 21003-21010 25475-25482 
train location information	f: ../CMT_FDE/ANALISYS/Progetto1/ieeeATSfunctions_4_1.txt i: 438-464 
skip station information	f: ../CMT_FDE/ANALISYS/Progetto1/ieeeATSfunctions_4_1.txt i: 8326-8350 
track circuit	f: ../CMT_FDE/ANALISYS/Progetto1/Bombardier_merge_1.txt i: 20761-20775 31359-31373 32624-32638 38464-38478 52912-52926 
line of Sight	f: ../CMT_FDE/ANALISYS/Progetto1/Bombardier_merge_1.txt i: 2982-2995 4801-4814 8106-8119 17410-17423 28901-28914 52263-52276 
control action confirmation	f: ../CMT_FDE/ANALISYS/Progetto1/ieeeATSfunctions_4_1.txt i: 2572-2599 
operating unit	f: ../CMT_FDE/ANALISYS/Progetto1/ieeeATSfunctions_4_1.txt i: 12453-12467 12587-12601 
Wayside network	f: ../CMT_FDE/ANALISYS/Progetto1/Bombardier_merge_1.txt i: 4332-4347 4353-4368 4602-4617 40978-40993 43541-43556 48669-48684 48841-48856 
occupancy generation	f: ../CMT_FDE/ANALISYS/Progetto1/Bombardier_merge_1.txt i: 5630-5650 44585-44605 
train en route	f: ../CMT_FDE/ANALISYS/Progetto1/ieeeATSfunctions_4_1.txt i: 1658-1672 8906-8920 
ATS	f: ../CMT_FDE/ANALISYS/Progetto1/Bombardier_merge_1.txt i: 2813-2816 4289-4292 5830-5833 26418-26421 26822-26825 39018-39021 39202-39205 39297-39300 40271-40274 40936-40939 41319-41322 41936-41939 42258-42261 42463-42466 42529-42532 45548-45551 f: ../CMT_FDE/ANALISYS/Progetto1/ieeeATSfunctions_4_1.txt i: 0-3 130-133 248-251 664-667 754-757 782-785 1144-1147 1212-1215 1237-1240 1524-1527 1586-1589 1624-1627 1930-1933 2158-2161 2248-2251 2341-2344 2418-2421 3064-3067 3165-3168 3456-3459 3638-3641 3892-3895 4267-4270 4437-4440 4642-4645 4994-4997 5190-5193 5399-5402 6056-6059 6408-6411 6722-6725 7137-7140 7392-7395 7624-7627 8099-8102 8512-8515 8925-8928 9244-9247 9457-9460 9875-9878 10380-10383 10631-10634 11241-11244 11609-11612 12429-12432 
Region Number	f: ../CMT_FDE/ANALISYS/Progetto1/Bombardier_merge_1.txt i: 53506-53519 53740-53753 
control	f: ../CMT_FDE/ANALISYS/Progetto1/ieeeATSfunctions_4_1.txt i: 1304-1311 2572-2579 4476-4483 5552-5559 6848-6855 8492-8499 8588-8595 
passenger information system	f: ../CMT_FDE/ANALISYS/Progetto1/Bombardier_merge_1.txt i: 15127-15156 27554-27582 47880-47908 f: ../CMT_FDE/ANALISYS/Progetto1/ieeeATSfunctions_4_1.txt i: 10587-10615 10688-10717 10856-10884 
station	f: ../CMT_FDE/ANALISYS/Progetto1/ieeeATSfunctions_4_1.txt i: 5581-5589 5772-5779 5829-5837 7074-7081 7125-7132 7265-7272 7320-7327 7546-7553 7577-7584 7722-7729 8048-8055 8082-8089 8216-8223 8236-8244 8331-8338 8469-8477 
interoperability interface requirement	f: ../CMT_FDE/ANALISYS/Progetto1/ieeeATSfunctions_4_1.txt i: 11693-11732 12710-12749 
energy optimization	f: ../CMT_FDE/ANALISYS/Progetto1/ieeeATSfunctions_4_1.txt i: 6698-6717 6770-6789 6953-6972 
Wayside network backbone	f: ../CMT_FDE/ANALISYS/Progetto1/Bombardier_merge_1.txt i: 4602-4626 43541-43565 
track in CBTC	f: ../CMT_FDE/ANALISYS/Progetto1/ieeeATSfunctions_4_1.txt i: 9386-9399 
line system INTERFLO	f: ../CMT_FDE/ANALISYS/Progetto1/Bombardier_merge_1.txt i: 30561-30581 30686-30706 
Bombardier CITYFLO	f: ../CMT_FDE/ANALISYS/Progetto1/Bombardier_merge_1.txt i: 134-152 2483-2501 2773-2791 25902-25920 26508-26526 29682-29700 
section of track	f: ../CMT_FDE/ANALISYS/Progetto1/ieeeATSfunctions_4_1.txt i: 9375-9391 9581-9597 
storage area	f: ../CMT_FDE/ANALISYS/Progetto1/ieeeATSfunctions_4_1.txt i: 4126-4139 
station departure time	f: ../CMT_FDE/ANALISYS/Progetto1/ieeeATSfunctions_4_1.txt i: 5772-5794 
interlocking system	f: ../CMT_FDE/ANALISYS/Progetto1/Bombardier_merge_1.txt i: 8972-8991 20714-20733 29887-29907 
radio frequency	f: ../CMT_FDE/ANALISYS/Progetto1/Bombardier_merge_1.txt i: 3134-3149 8048-8063 
train at station	f: ../CMT_FDE/ANALISYS/Progetto1/ieeeATSfunctions_4_1.txt i: 7568-7584 
service brake rate	f: ../CMT_FDE/ANALISYS/Progetto1/ieeeATSfunctions_4_1.txt i: 5643-5662 
phase	f: ../CMT_FDE/ANALISYS/Progetto1/Bombardier_merge_1.txt i: 11313-11318 11355-11360 11947-11952 12463-12468 12952-12957 13187-13192 13327-13332 13694-13699 14492-14497 16345-16350 16479-16484 17738-17743 18029-18034 18053-18058 18358-18363 18419-18424 20110-20115 
transit application	f: ../CMT_FDE/ANALISYS/Progetto1/ieeeATSfunctions_4_1.txt i: 2493-2512 
ATS train stop	f: ../CMT_FDE/ANALISYS/Progetto1/ieeeATSfunctions_4_1.txt i: 7392-7406 
service strategy	f: ../CMT_FDE/ANALISYS/Progetto1/ieeeATSfunctions_4_1.txt i: 3910-3926 5354-5372 
group of station	f: ../CMT_FDE/ANALISYS/Progetto1/ieeeATSfunctions_4_1.txt i: 8227-8244 
movement authority	f: ../CMT_FDE/ANALISYS/Progetto1/Bombardier_merge_1.txt i: 33827-33845 55779-55797 f: ../CMT_FDE/ANALISYS/Progetto1/ieeeATSfunctions_4_1.txt i: 4494-4514 4573-4591 4763-4781 9686-9706 
central control system	f: ../CMT_FDE/ANALISYS/Progetto1/Bombardier_merge_1.txt i: 47142-47164 48810-48832 
revenue service	f: ../CMT_FDE/ANALISYS/Progetto1/Bombardier_merge_1.txt i: 7102-7117 7527-7542 13234-13249 14301-14316 14552-14567 16532-16547 18402-18417 20193-20208 
atp system	f: ../CMT_FDE/ANALISYS/Progetto1/Bombardier_merge_1.txt i: 44636-44647 45129-45139 45210-45220 45305-45315 
response	f: ../CMT_FDE/ANALISYS/Progetto1/ieeeATSfunctions_4_1.txt i: 4172-4180 6174-6182 
ato system	f: ../CMT_FDE/ANALISYS/Progetto1/Bombardier_merge_1.txt i: 35193-35203 46123-46133 47340-47350 
vehicle tag reader	f: ../CMT_FDE/ANALISYS/Progetto1/Bombardier_merge_1.txt i: 48079-48098 48298-48317 48418-48437 
train lenght data	f: ../CMT_FDE/ANALISYS/Progetto1/ieeeATSfunctions_4_1.txt i: 3595-3612 
work zone	f: ../CMT_FDE/ANALISYS/Progetto1/ieeeATSfunctions_4_1.txt i: 1764-1774 9860-9870 9960-9970 10102-10112 10215-10224 10366-10375 
coaxial cable	f: ../CMT_FDE/ANALISYS/Progetto1/Bombardier_merge_1.txt i: 5348-5361 49213-49226 50675-50688 50832-50845 51399-51412 
radio system	f: ../CMT_FDE/ANALISYS/Progetto1/Bombardier_merge_1.txt i: 4821-4833 7805-7817 
communication	f: ../CMT_FDE/ANALISYS/Progetto1/Bombardier_merge_1.txt i: 161-174 2415-2428 2873-2886 3235-3248 4979-4992 5010-5023 6717-6730 15111-15125 22796-22809 22996-23009 24897-24910 26940-26954 27083-27097 27723-27736 27776-27790 27882-27896 28016-28030 28232-28246 30783-30796 31290-31303 32595-32608 32672-32685 32902-32916 33390-33404 34694-34707 37611-37625 38166-38179 38205-38219 40165-40178 48904-48917 49178-49192 49511-49524 49564-49578 49639-49652 49758-49771 49831-49844 52790-52803 
speed	f: ../CMT_FDE/ANALISYS/Progetto1/ieeeATSfunctions_4_1.txt i: 1718-1723 5807-5812 6017-6022 9221-9226 9313-9318 
conductor	f: ../CMT_FDE/ANALISYS/Progetto1/ieeeATSfunctions_4_1.txt i: 4341-4350 4840-4849 5884-5893 7445-7454 7963-7972 8377-8386 9160-9169 10272-10281 
emergency brake application	f: ../CMT_FDE/ANALISYS/Progetto1/ieeeATSfunctions_4_1.txt i: 6347-6374 
track	f: ../CMT_FDE/ANALISYS/Progetto1/Bombardier_merge_1.txt i: 9442-9447 9458-9463 10864-10869 10986-10991 11132-11137 11847-11852 12300-12305 14730-14735 15519-15524 19165-19170 19865-19870 20368-20373 20761-20766 30771-30776 31359-31364 32624-32629 32955-32960 35169-35174 37893-37898 38464-38469 43952-43957 52781-52786 52912-52917 53104-53109 54117-54122 55824-55829 f: ../CMT_FDE/ANALISYS/Progetto1/ieeeATSfunctions_4_1.txt i: 501-506 1745-1750 3118-3123 3961-3966 9386-9391 9438-9443 9592-9597 9800-9805 10517-10522 
interface design standard	f: ../CMT_FDE/ANALISYS/Progetto1/ieeeATSfunctions_4_1.txt i: 11805-11831 
testing program	f: ../CMT_FDE/ANALISYS/Progetto1/Bombardier_merge_1.txt i: 9717-9732 19770-19785 
test track	f: ../CMT_FDE/ANALISYS/Progetto1/Bombardier_merge_1.txt i: 11127-11137 11842-11852 14725-14735 15514-15524 19160-19170 19860-19870 
Neihu extension	f: ../CMT_FDE/ANALISYS/Progetto1/Bombardier_merge_1.txt i: 10025-10040 10667-10682 12985-13000 
system Overview	f: ../CMT_FDE/ANALISYS/Progetto1/Bombardier_merge_1.txt i: 10769-10784 11586-11601 25505-25520 26718-26733 31241-31256 37138-37153 41622-41637 46441-46456 51934-51949 55718-55733 
speed restriction	f: ../CMT_FDE/ANALISYS/Progetto1/ieeeATSfunctions_4_1.txt i: 1718-1736 9221-9239 9313-9331 
dwell time variance	f: ../CMT_FDE/ANALISYS/Progetto1/ieeeATSfunctions_4_1.txt i: 5489-5508 
Distribution Amplifiers	f: ../CMT_FDE/ANALISYS/Progetto1/Bombardier_merge_1.txt i: 5373-5396 
train Registry system	f: ../CMT_FDE/ANALISYS/Progetto1/Bombardier_merge_1.txt i: 3191-3212 5839-5860 27973-27994 32996-33017 
rerouting of train	f: ../CMT_FDE/ANALISYS/Progetto1/ieeeATSfunctions_4_1.txt i: 4149-4168 
Region ato	f: ../CMT_FDE/ANALISYS/Progetto1/Bombardier_merge_1.txt i: 4394-4404 5237-5247 27670-27680 39096-39106 43147-43157 43340-43350 46289-46299 46305-46315 46492-46502 47101-47111 47222-47232 47451-47461 47621-47631 47740-47750 48019-48029 48280-48290 48443-48453 48610-48620 48779-48789 51858-51868 
Region atp	f: ../CMT_FDE/ANALISYS/Progetto1/Bombardier_merge_1.txt i: 4382-4392 4417-4427 27686-27696 39107-39117 43135-43145 43328-43338 43363-43373 45040-45050 47384-47394 48505-48515 48521-48531 48641-48651 48763-48773 51714-51724 55876-55886 
train occupancy	f: ../CMT_FDE/ANALISYS/Progetto1/Bombardier_merge_1.txt i: 37833-37848 56128-56143 56184-56199 
service	f: ../CMT_FDE/ANALISYS/Progetto1/Bombardier_merge_1.txt i: 3506-3513 3648-3655 7110-7117 7535-7542 7862-7869 13242-13249 13576-13583 14309-14316 14560-14567 16540-16547 16686-16693 18156-18163 18410-18417 19974-19981 20201-20208 23959-23966 32194-32201 32315-32322 36511-36518 39728-39735 49723-49730 57193-57200 57222-57229 57755-57762 57793-57800 57873-57880 57931-57938 57964-57971 58001-58008 58109-58116 58135-58142 58262-58269 f: ../CMT_FDE/ANALISYS/Progetto1/ieeeATSfunctions_4_1.txt i: 874-881 3844-3851 3910-3917 4184-4191 5354-5361 5643-5650 6114-6121 6278-6285 
passenger information message	f: ../CMT_FDE/ANALISYS/Progetto1/ieeeATSfunctions_4_1.txt i: 10739-10769 
train operator	f: ../CMT_FDE/ANALISYS/Progetto1/ieeeATSfunctions_4_1.txt i: 4319-4333 4818-4832 5862-5876 7426-7440 7944-7958 8358-8372 9141-9155 10253-10267 
ATP/ATO maintenance data	f: ../CMT_FDE/ANALISYS/Progetto1/Bombardier_merge_1.txt i: 39534-39558 50008-50032 
CBTC fault reporting	f: ../CMT_FDE/ANALISYS/Progetto1/ieeeATSfunctions_4_1.txt i: 10976-10996 
control action	f: ../CMT_FDE/ANALISYS/Progetto1/ieeeATSfunctions_4_1.txt i: 1304-1319 2572-2586 
station in ato	f: ../CMT_FDE/ANALISYS/Progetto1/ieeeATSfunctions_4_1.txt i: 8048-8062 
wayside atc	f: ../CMT_FDE/ANALISYS/Progetto1/Bombardier_merge_1.txt i: 12045-12056 15068-15079 28208-28219 42755-42766 49484-49495 49584-49595 49777-49788 56578-56589 
operation	f: ../CMT_FDE/ANALISYS/Progetto1/Bombardier_merge_1.txt i: 1052-1062 2967-2976 3120-3129 3176-3185 3407-3416 5573-5582 6289-6298 6829-6838 7248-7257 7359-7369 8843-8852 9134-9143 9317-9326 9361-9370 9845-9854 11491-11500 12124-12134 13797-13806 13926-13935 14055-14064 17860-17869 18279-18288 19995-20004 21623-21632 24116-24125 24427-24436 26179-26188 26222-26231 26874-26883 28961-28970 29843-29853 30211-30220 30254-30263 31614-31623 32558-32567 34330-34339 34803-34812 35266-35275 35526-35535 35647-35656 35676-35685 36777-36786 37082-37091 38538-38547 40661-40671 40714-40724 41736-41746 42171-42180 42514-42523 42581-42591 42616-42626 44528-44537 45965-45974 46037-46046 46397-46406 46728-46737 55639-55648 
profile between station	f: ../CMT_FDE/ANALISYS/Progetto1/ieeeATSfunctions_4_1.txt i: 5813-5837 
customer s need	f: ../CMT_FDE/ANALISYS/Progetto1/Bombardier_merge_1.txt i: 26111-26126 29802-29817 30143-30158 
information system interface	f: ../CMT_FDE/ANALISYS/Progetto1/ieeeATSfunctions_4_1.txt i: 10597-10626 10866-10895 
central control network	f: ../CMT_FDE/ANALISYS/Progetto1/Bombardier_merge_1.txt i: 4080-4103 4223-4246 4252-4275 4646-4669 40870-40893 40899-40922 41176-41199 43585-43608 
capability	f: ../CMT_FDE/ANALISYS/Progetto1/ieeeATSfunctions_4_1.txt i: 3090-3100 3664-3674 5018-5028 6083-6093 6746-6756 
information	f: ../CMT_FDE/ANALISYS/Progetto1/Bombardier_merge_1.txt i: 4546-4557 5188-5199 6615-6626 15137-15148 16946-16957 22940-22951 27564-27575 30507-30518 34593-34604 37700-37711 38252-38263 40395-40406 40488-40499 43485-43496 47890-47901 48486-48497 51809-51820 52938-52949 54647-54658 f: ../CMT_FDE/ANALISYS/Progetto1/ieeeATSfunctions_4_1.txt i: 453-464 1274-1285 1451-1462 2364-2375 3032-3043 7407-7418 7925-7936 8339-8350 10159-10170 10597-10608 10698-10709 10749-10760 10793-10804 10866-10877 
mode of operation	f: ../CMT_FDE/ANALISYS/Progetto1/ieeeATSfunctions_4_1.txt i: 10338-10355 
railway industry	f: ../CMT_FDE/ANALISYS/Progetto1/Bombardier_merge_1.txt i: 1667-1683 29153-29169 
movement of train	f: ../CMT_FDE/ANALISYS/Progetto1/ieeeATSfunctions_4_1.txt i: 4099-4117 
regulation function	f: ../CMT_FDE/ANALISYS/Progetto1/ieeeATSfunctions_4_1.txt i: 6023-6042 6447-6467 
CBTC-equipped train operating	f: ../CMT_FDE/ANALISYS/Progetto1/ieeeATSfunctions_4_1.txt i: 2859-2888 
IEEE Std 1474.2-2003.	f: ../CMT_FDE/ANALISYS/Progetto1/ieeeATSfunctions_4_1.txt i: 1498-1519 
overlay project	f: ../CMT_FDE/ANALISYS/Progetto1/Bombardier_merge_1.txt i: 8431-8446 9768-9783 
ATS user-directed service	f: ../CMT_FDE/ANALISYS/Progetto1/ieeeATSfunctions_4_1.txt i: 3892-3917 
mainline solution	f: ../CMT_FDE/ANALISYS/Progetto1/Bombardier_merge_1.txt i: 25879-25897 29659-29677 29754-29772 
Bombardier inc	f: ../CMT_FDE/ANALISYS/Progetto1/Bombardier_merge_1.txt i: 25309-25323 25381-25395 31175-31189 
line speed limit	f: ../CMT_FDE/ANALISYS/Progetto1/Bombardier_merge_1.txt i: 57358-57374 57417-57433 
operating	f: ../CMT_FDE/ANALISYS/Progetto1/ieeeATSfunctions_4_1.txt i: 2879-2888 3281-3290 3706-3715 4539-4548 5108-5117 5922-5931 9358-9367 12203-12212 12453-12462 12543-12552 12587-12596 
Wayside communication	f: ../CMT_FDE/ANALISYS/Progetto1/Bombardier_merge_1.txt i: 3227-3248 4971-4992 28008-28030 28224-28246 33382-33404 
cost of fuel	f: ../CMT_FDE/ANALISYS/Progetto1/Bombardier_merge_1.txt i: 1569-1581 28373-28385 
Phase	f: ../CMT_FDE/ANALISYS/Progetto1/Bombardier_merge_1.txt i: 11313-11318 11355-11360 11947-11952 12463-12468 12952-12957 13187-13192 13327-13332 13694-13699 14492-14497 16345-16350 16479-16484 17738-17743 18029-18034 18053-18058 18358-18363 18419-18424 20110-20115 
rail industry	f: ../CMT_FDE/ANALISYS/Progetto1/Bombardier_merge_1.txt i: 1794-1807 28570-28583 
south korea	f: ../CMT_FDE/ANALISYS/Progetto1/Bombardier_merge_1.txt i: 422-433 
train location	f: ../CMT_FDE/ANALISYS/Progetto1/ieeeATSfunctions_4_1.txt i: 438-452 3383-3397 3415-3429 3788-3802 5280-5294 6483-6497 10820-10834 
position error	f: ../CMT_FDE/ANALISYS/Progetto1/Bombardier_merge_1.txt i: 54857-54871 55181-55195 
vehicle	f: ../CMT_FDE/ANALISYS/Progetto1/Bombardier_merge_1.txt i: 4750-4758 5516-5523 5656-5663 9032-9039 11235-11243 11439-11446 11472-11479 12164-12172 13172-13180 13600-13608 13650-13658 13742-13750 14103-14111 14126-14134 14357-14365 14387-14394 14601-14609 14644-14651 16157-16165 16249-16256 16314-16322 17002-17009 17076-17083 17562-17570 17716-17723 18097-18105 18199-18207 18333-18341 18480-18488 18656-18663 18791-18798 18871-18878 18926-18934 19046-19053 19152-19159 19187-19194 19373-19380 19430-19437 19479-19486 19527-19534 19643-19650 19723-19730 19803-19811 19892-19899 20059-20066 20156-20164 20388-20396 20596-20604 26055-26063 28069-28076 28086-28093 28103-28110 30087-30095 31695-31702 35179-35187 39072-39079 39084-39091 41288-41295 41820-41827 43653-43660 43971-43978 44122-44129 44137-44144 44472-44479 46217-46224 48079-48086 48298-48305 48418-48425 48554-48561 48713-48720 48739-48746 52234-52241 
type of train	f: ../CMT_FDE/ANALISYS/Progetto1/ieeeATSfunctions_4_1.txt i: 2998-3011 
line	f: ../CMT_FDE/ANALISYS/Progetto1/Bombardier_merge_1.txt i: 453-458 1153-1158 1270-1274 2982-2986 4801-4805 7964-7969 8106-8110 8343-8347 8406-8411 9386-9390 9397-9401 9971-9975 10063-10067 10112-10116 10169-10173 10233-10237 10731-10735 10953-10957 11621-11625 11892-11896 12645-12649 13023-13027 13217-13221 13285-13290 13379-13384 13489-13493 13962-13966 14274-14278 17410-17414 18136-18141 18303-18307 18392-18396 20624-20628 21417-21422 22465-22469 23143-23147 25789-25794 28901-28905 29569-29574 30561-30565 30620-30624 30686-30690 35012-35016 37314-37319 37321-37326 42838-42842 42889-42893 42924-42928 42961-42965 49230-49234 52263-52267 53231-53235 56062-56066 57358-57362 57417-57421 
protection of work	f: ../CMT_FDE/ANALISYS/Progetto1/ieeeATSfunctions_4_1.txt i: 9979-9997 
CBTC train location	f: ../CMT_FDE/ANALISYS/Progetto1/ieeeATSfunctions_4_1.txt i: 3378-3397 3783-3802 5275-5294 6478-6497 10815-10834 
train service	f: ../CMT_FDE/ANALISYS/Progetto1/ieeeATSfunctions_4_1.txt i: 3838-3851 6108-6121 
Neihu system	f: ../CMT_FDE/ANALISYS/Progetto1/Bombardier_merge_1.txt i: 10763-10775 14534-14546 15549-15561 19692-19704 
distance	f: ../CMT_FDE/ANALISYS/Progetto1/Bombardier_merge_1.txt i: 35037-35045 56525-56533 56824-56832 57069-57077 57145-57153 57298-57306 57513-57521 57736-57744 57771-57779 58017-58025 58041-58049 58278-58286 58336-58344 
group of CBTC-equipped	f: ../CMT_FDE/ANALISYS/Progetto1/ieeeATSfunctions_4_1.txt i: 8168-8190 8998-9020 
position of train	f: ../CMT_FDE/ANALISYS/Progetto1/ieeeATSfunctions_4_1.txt i: 3333-3351 
service brake	f: ../CMT_FDE/ANALISYS/Progetto1/Bombardier_merge_1.txt i: 49723-49737 57193-57208 57222-57235 57755-57770 57793-57807 57873-57888 57931-57946 57964-57977 58001-58016 58109-58124 58135-58150 58262-58277 
train location report	f: ../CMT_FDE/ANALISYS/Progetto1/ieeeATSfunctions_4_1.txt i: 3383-3405 3788-3810 5280-5302 6483-6505 10820-10842 
train operation	f: ../CMT_FDE/ANALISYS/Progetto1/Bombardier_merge_1.txt i: 2961-2976 3114-3129 3170-3185 3401-3416 8837-8852 9128-9143 24110-24125 26173-26188 26216-26231 26868-26883 28955-28970 30205-30220 30248-30263 35670-35685 45959-45974 46722-46737 
run time	f: ../CMT_FDE/ANALISYS/Progetto1/ieeeATSfunctions_4_1.txt i: 5563-5572 
speed regulation function	f: ../CMT_FDE/ANALISYS/Progetto1/ieeeATSfunctions_4_1.txt i: 6017-6042 
railway network	f: ../CMT_FDE/ANALISYS/Progetto1/Bombardier_merge_1.txt i: 32060-32075 41509-41524 41576-41591 55982-55997 
train arrival information	f: ../CMT_FDE/ANALISYS/Progetto1/ieeeATSfunctions_4_1.txt i: 10779-10804 
performance of CBTC	f: ../CMT_FDE/ANALISYS/Progetto1/ieeeATSfunctions_4_1.txt i: 5071-5090 
safety restriction	f: ../CMT_FDE/ANALISYS/Progetto1/Bombardier_merge_1.txt i: 57539-57558 57843-57862 
track within CBTC	f: ../CMT_FDE/ANALISYS/Progetto1/ieeeATSfunctions_4_1.txt i: 9592-9609 
operating in CBTC	f: ../CMT_FDE/ANALISYS/Progetto1/ieeeATSfunctions_4_1.txt i: 3706-3723 4539-4556 5108-5125 12203-12220 
route	f: ../CMT_FDE/ANALISYS/Progetto1/Bombardier_merge_1.txt i: 39835-39840 41454-41459 45004-45009 54585-54590 54902-54907 55124-55129 56094-56099 56978-56983 57287-57292 57342-57347 
IEEE Std	f: ../CMT_FDE/ANALISYS/Progetto1/ieeeATSfunctions_4_1.txt i: 1498-1506 10924-10932 
Muzha depot	f: ../CMT_FDE/ANALISYS/Progetto1/Bombardier_merge_1.txt i: 11788-11799 12350-12361 17379-17390 18529-18540 
fault reporting	f: ../CMT_FDE/ANALISYS/Progetto1/ieeeATSfunctions_4_1.txt i: 10951-10966 10981-10996 11430-11445 
CITYFLO	f: ../CMT_FDE/ANALISYS/Progetto1/Bombardier_merge_1.txt i: 145-152 211-218 627-634 1121-1128 2494-2501 2605-2612 2784-2791 3419-3426 3442-3449 3698-3705 3770-3777 3992-3999 6379-6386 7975-7982 8318-8325 8374-8381 10117-10124 13444-13451 13774-13781 13818-13825 14236-14243 14375-14382 16326-16333 17351-17358 17686-17693 17974-17981 18835-18842 19294-19301 19660-19667 25493-25500 25913-25920 25942-25949 26393-26400 26427-26434 26519-26526 26548-26555 26706-26713 29693-29700 29974-29981 30831-30838 30888-30895 30957-30964 31009-31016 31046-31053 31106-31113 31229-31236 31264-31271 31460-31467 31928-31935 31956-31963 32177-32184 32507-32514 33130-33137 33282-33289 34442-34449 35463-35470 35762-35769 35825-35832 36425-36432 36449-36456 36483-36490 36849-36856 37126-37133 37224-37231 37487-37494 37659-37666 37718-37725 38403-38410 38617-38624 38840-38847 38934-38941 41610-41617 43451-43458 44612-44619 46086-46093 46429-46436 51638-51645 51922-51929 52543-52550 52644-52651 52736-52743 52994-53001 53050-53057 53373-53380 53406-53413 55706-55713 56147-56154 
Skip station stop	f: ../CMT_FDE/ANALISYS/Progetto1/ieeeATSfunctions_4_1.txt i: 8077-8094 
CBTC	f: ../CMT_FDE/ANALISYS/Progetto1/Bombardier_merge_1.txt i: 11-15 196-200 570-574 964-968 2450-2454 2867-2871 3346-3350 3484-3488 5882-5886 6346-6350 6904-6908 7266-7270 7452-7456 7641-7645 7687-7691 7887-7891 7983-7987 10129-10133 12582-12586 16792-16796 20269-20273 20417-20421 20474-20478 20619-20623 21043-21047 21120-21124 21183-21187 21292-21296 21471-21475 21528-21532 21668-21672 21774-21778 21866-21870 22498-22502 23463-23467 24593-24597 26402-26406 26935-26939 30939-30943 30991-30995 31025-31029 31088-31092 32242-32246 33907-33911 34387-34391 50274-50278 f: ../CMT_FDE/ANALISYS/Progetto1/ieeeATSfunctions_4_1.txt i: 81-85 234-238 362-366 651-655 972-976 1131-1135 1573-1577 2175-2179 2265-2269 2399-2403 2808-2812 2859-2863 2896-2900 3260-3264 3298-3302 3378-3382 3685-3689 3719-3723 3783-3787 4518-4522 4552-4556 4568-4572 5086-5090 5121-5125 5275-5279 5447-5451 5985-5989 6143-6147 6210-6214 6478-6482 6805-6809 7189-7193 7223-7227 7363-7367 7489-7493 7697-7701 7885-7889 8009-8013 8145-8149 8177-8181 8297-8301 8583-8587 8975-8979 9007-9011 9043-9047 9336-9340 9395-9399 9605-9609 9623-9627 9650-9654 10023-10027 10309-10313 10815-10819 10976-10980 11067-11071 11182-11186 11459-11463 12145-12149 12216-12220 12253-12257 12485-12489 12628-12632 12682-12686 
direction of train	f: ../CMT_FDE/ANALISYS/Progetto1/ieeeATSfunctions_4_1.txt i: 10468-10487 
train fault reporting	f: ../CMT_FDE/ANALISYS/Progetto1/ieeeATSfunctions_4_1.txt i: 11424-11445 
work train	f: ../CMT_FDE/ANALISYS/Progetto1/ieeeATSfunctions_4_1.txt i: 10008-10019 
location	f: ../CMT_FDE/ANALISYS/Progetto1/Bombardier_merge_1.txt i: 30494-30502 43740-43748 47645-47653 53180-53188 53197-53205 53255-53263 53613-53621 53723-53731 53900-53908 54067-54075 54145-54153 54321-54329 54352-54360 54473-54481 54638-54646 54718-54726 54747-54755 54940-54948 55805-55813 56407-56415 f: ../CMT_FDE/ANALISYS/Progetto1/ieeeATSfunctions_4_1.txt i: 444-452 3389-3397 3421-3429 3794-3802 5286-5294 6489-6497 10826-10834 
subclause in order	f: ../CMT_FDE/ANALISYS/Progetto1/ieeeATSfunctions_4_1.txt i: 302-320 
CITYFLO system	f: ../CMT_FDE/ANALISYS/Progetto1/Bombardier_merge_1.txt i: 3698-3712 25942-25956 29974-29988 53373-53387 
operating within CBTC	f: ../CMT_FDE/ANALISYS/Progetto1/ieeeATSfunctions_4_1.txt i: 2879-2900 
jeffrey s	f: ../CMT_FDE/ANALISYS/Progetto1/Bombardier_merge_1.txt i: 25540-25549 26688-26697 31211-31220 37108-37117 41592-41601 46411-46420 51904-51913 55688-55697 
train control system	f: ../CMT_FDE/ANALISYS/Progetto1/Bombardier_merge_1.txt i: 1955-1975 3743-3764 3914-3934 4524-4544 7028-7048 21747-21768 24016-24037 28759-28779 28785-28806 29242-29263 31503-31523 37499-37519 37632-37652 38226-38246 38590-38611 38762-38782 38852-38872 43463-43483 44363-44383 46054-46074 52876-52897 54420-54440 55135-55155 
jurisdiction	f: ../CMT_FDE/ANALISYS/Progetto1/ieeeATSfunctions_4_1.txt i: 65-77 220-232 841-853 1192-1204 1405-1417 2788-2800 4420-4432 4906-4918 5714-5726 7054-7066 7839-7851 11675-11687 11928-11940 
base data radio	f: ../CMT_FDE/ANALISYS/Progetto1/Bombardier_merge_1.txt i: 2851-2866 4673-4688 26919-26934 45188-45203 
vehicle atc	f: ../CMT_FDE/ANALISYS/Progetto1/Bombardier_merge_1.txt i: 14387-14398 14644-14655 19430-19441 28103-28114 
central control	f: ../CMT_FDE/ANALISYS/Progetto1/Bombardier_merge_1.txt i: 4028-4043 4080-4095 4223-4238 4252-4267 4646-4661 5209-5224 9596-9611 10900-10915 13080-13095 13857-13872 13901-13916 13994-14009 23228-23243 27042-27057 39032-39047 40870-40885 40899-40914 41176-41191 43585-43600 47142-47157 48810-48825 51830-51845 
mobile data radio	f: ../CMT_FDE/ANALISYS/Progetto1/Bombardier_merge_1.txt i: 3001-3018 5439-5456 27532-27549 
dispatching function	f: ../CMT_FDE/ANALISYS/Progetto1/ieeeATSfunctions_4_1.txt i: 5226-5246 
OCC	f: ../CMT_FDE/ANALISYS/Progetto1/Bombardier_merge_1.txt i: 3019-3022 10917-10920 11108-11111 11874-11877 11936-11939 14829-14832 15374-15377 18518-18521 18566-18569 18642-18645 20169-20172 
interoperability interface standard	f: ../CMT_FDE/ANALISYS/Progetto1/ieeeATSfunctions_4_1.txt i: 12014-12050 
Operational central control	f: ../CMT_FDE/ANALISYS/Progetto1/Bombardier_merge_1.txt i: 10888-10915 
transition area	f: ../CMT_FDE/ANALISYS/Progetto1/Bombardier_merge_1.txt i: 48164-48180 48337-48352 
CBTC-equipped	f: ../CMT_FDE/ANALISYS/Progetto1/ieeeATSfunctions_4_1.txt i: 2859-2872 3260-3273 3685-3698 4518-4531 5447-5460 6143-6156 6805-6818 7189-7202 7489-7502 7697-7710 8009-8022 8145-8158 8177-8190 8975-8988 9007-9020 9650-9663 
ATS user	f: ../CMT_FDE/ANALISYS/Progetto1/ieeeATSfunctions_4_1.txt i: 1212-1220 1237-1245 1524-1532 2158-2166 2248-2256 2341-2349 2418-2426 3165-3173 3456-3464 3892-3900 4267-4275 4642-4650 5399-5408 11241-11249 11609-11617 
train	f: ../CMT_FDE/ANALISYS/Progetto1/Bombardier_merge_1.txt i: 181-186 315-320 1955-1960 1996-2001 2435-2440 2828-2833 2893-2898 2961-2966 3074-3079 3114-3119 3170-3175 3191-3196 3218-3223 3401-3406 3608-3613 3743-3748 3914-3919 4524-4529 4835-4840 4891-4896 4962-4967 5590-5595 5611-5616 5839-5844 6660-6665 7028-7033 8788-8793 8837-8842 9059-9064 9128-9133 11201-11206 21747-21752 22902-22907 22964-22969 24016-24021 24110-24115 26173-26178 26216-26221 26808-26813 26836-26841 26868-26873 26898-26903 26961-26966 27864-27869 27904-27909 27973-27978 27999-28004 28266-28271 28759-28764 28785-28790 28955-28960 29014-29019 29242-29247 29930-29935 30205-30210 30248-30253 30488-30493 31310-31315 31503-31508 32418-32423 32996-33001 33229-33234 33373-33378 33759-33764 34405-34410 34638-34643 34912-34917 34988-34993 35670-35675 37499-37504 37632-37637 37833-37838 38003-38008 38030-38035 38116-38121 38155-38160 38186-38191 38226-38231 38280-38285 38313-38318 38590-38595 38762-38767 38852-38857 39175-39180 39750-39755 39936-39941 40188-40193 41911-41916 42229-42234 42660-42665 43463-43468 43631-43636 43723-43728 43734-43739 44277-44282 44363-44368 44545-44550 44566-44571 44737-44742 44879-44884 45829-45834 45844-45849 45959-45964 46054-46059 46163-46168 46208-46213 46370-46375 46558-46563 46722-46727 47661-47666 47704-47709 47777-47782 48113-48118 48465-48470 48861-48866 48953-48958 48986-48991 49552-49557 49653-49658 49855-49860 49920-49925 52810-52815 52876-52881 53829-53834 53916-53921 54191-54196 54263-54268 54337-54342 54376-54381 54420-54425 54465-54470 54501-54506 54561-54566 54622-54627 54841-54846 54880-54885 55085-55090 55135-55140 55450-55455 55848-55853 56039-56044 56117-56122 56128-56133 56184-56189 56220-56225 56276-56281 56346-56351 56437-56442 56477-56482 56970-56975 57087-57092 57163-57168 57279-57284 57328-57333 57914-57919 58394-58399 f: ../CMT_FDE/ANALISYS/Progetto1/ieeeATSfunctions_4_1.txt i: 438-443 540-545 550-555 594-599 1034-1039 1044-1049 1658-1663 2529-2535 2813-2818 2838-2843 2873-2878 2931-2936 2958-2963 3006-3011 3054-3059 3211-3216 3274-3280 3345-3351 3383-3388 3415-3420 3490-3495 3595-3600 3620-3625 3699-3705 3788-3793 3838-3843 4053-4059 4087-4093 4111-4117 4162-4168 4228-4233 4319-4324 4532-4538 4735-4741 4818-4823 4936-4941 5101-5107 5257-5262 5280-5285 5342-5348 5461-5467 5520-5525 5620-5625 5732-5738 5862-5867 6108-6113 6157-6163 6441-6446 6483-6488 6533-6538 6819-6825 6876-6881 6896-6901 6916-6921 7111-7116 7203-7208 7238-7244 7286-7291 7333-7339 7396-7401 7426-7431 7503-7508 7568-7573 7590-7596 7711-7716 7735-7741 7914-7919 7944-7949 8023-8028 8159-8164 8191-8197 8267-8273 8358-8363 8423-8428 8603-8608 8660-8665 8906-8911 8989-8994 9021-9027 9119-9125 9141-9146 9351-9357 9664-9670 10013-10019 10131-10137 10253-10258 10481-10487 10676-10681 10779-10784 10820-10825 10844-10849 11424-11429 11447-11452 11500-11505 11557-11562 12124-12130 12473-12478 12562-12567 12616-12621 
auto operation	f: ../CMT_FDE/ANALISYS/Progetto1/Bombardier_merge_1.txt i: 6824-6838 34798-34812 
work	f: ../CMT_FDE/ANALISYS/Progetto1/Bombardier_merge_1.txt i: 8461-8465 8723-8727 9517-9521 9748-9752 9925-9929 16217-16221 19821-19825 35595-35599 f: ../CMT_FDE/ANALISYS/Progetto1/ieeeATSfunctions_4_1.txt i: 1764-1768 9860-9864 9960-9964 9993-9997 10008-10012 10102-10106 10215-10219 10366-10370 
frequency band	f: ../CMT_FDE/ANALISYS/Progetto1/Bombardier_merge_1.txt i: 22658-22673 50482-50497 
user interface	f: ../CMT_FDE/ANALISYS/Progetto1/ieeeATSfunctions_4_1.txt i: 952-966 1216-1230 1241-1255 3169-3183 3460-3474 4271-4285 4646-4660 11245-11259 11613-11627 
wayside	f: ../CMT_FDE/ANALISYS/Progetto1/Bombardier_merge_1.txt i: 3227-3234 4332-4339 4353-4360 4602-4609 4879-4886 4971-4978 8584-8591 8606-8613 10926-10933 12045-12052 14660-14667 14837-14844 15068-15075 15335-15342 15355-15362 15630-15637 15887-15894 16404-16411 17121-17128 17636-17643 21797-21804 22915-22922 23216-23223 28008-28015 28208-28215 28224-28231 29951-29958 31683-31690 33314-33321 33382-33389 33628-33635 38323-38330 40978-40985 41276-41283 42730-42737 42755-42762 43541-43548 44183-44190 44389-44396 45583-45590 46638-46645 46975-46982 48669-48676 48841-48848 48941-48948 48995-49002 49274-49281 49484-49491 49584-49591 49777-49784 49958-49965 50653-50660 50818-50825 56247-56254 56578-56585 
CBTC equipment	f: ../CMT_FDE/ANALISYS/Progetto1/ieeeATSfunctions_4_1.txt i: 11459-11473 12145-12159 12253-12267 12485-12499 12628-12642 
mass transit system	f: ../CMT_FDE/ANALISYS/Progetto1/Bombardier_merge_1.txt i: 1641-1661 28540-28560 30914-30933 
Interoperability interface requirement	f: ../CMT_FDE/ANALISYS/Progetto1/ieeeATSfunctions_4_1.txt i: 11693-11732 12710-12749 
train control data	f: ../CMT_FDE/ANALISYS/Progetto1/Bombardier_merge_1.txt i: 4835-4853 49920-49938 
vehicle atp	f: ../CMT_FDE/ANALISYS/Progetto1/Bombardier_merge_1.txt i: 5516-5527 28069-28080 39084-39095 41288-41299 48554-48565 
regulation	f: ../CMT_FDE/ANALISYS/Progetto1/ieeeATSfunctions_4_1.txt i: 4942-4952 4979-4989 5432-5442 6023-6033 6447-6457 6997-7007 
vehicle ato	f: ../CMT_FDE/ANALISYS/Progetto1/Bombardier_merge_1.txt i: 5656-5667 28086-28097 39072-39083 48739-48750 
accordance with IEEE	f: ../CMT_FDE/ANALISYS/Progetto1/ieeeATSfunctions_4_1.txt i: 1482-1502 10908-10928 
Muzha line	f: ../CMT_FDE/ANALISYS/Progetto1/Bombardier_merge_1.txt i: 1147-1158 8337-8347 9965-9975 10057-10067 10163-10173 10227-10237 11615-11625 11886-11896 12639-12649 13017-13027 13483-13493 14268-14278 18130-18141 
CBTC functionality	f: ../CMT_FDE/ANALISYS/Progetto1/ieeeATSfunctions_4_1.txt i: 11182-11200 
system operation	f: ../CMT_FDE/ANALISYS/Progetto1/Bombardier_merge_1.txt i: 40654-40671 41729-41746 42507-42523 42574-42591 
train service data	f: ../CMT_FDE/ANALISYS/Progetto1/ieeeATSfunctions_4_1.txt i: 3838-3856 
user interface display	f: ../CMT_FDE/ANALISYS/Progetto1/ieeeATSfunctions_4_1.txt i: 11245-11267 11613-11636 
ATS system	f: ../CMT_FDE/ANALISYS/Progetto1/ieeeATSfunctions_4_1.txt i: 130-140 3064-3074 3638-3648 4437-4447 4994-5004 5190-5200 6056-6066 6408-6418 6722-6732 7137-7147 7624-7634 8099-8109 8512-8522 8925-8935 9244-9254 9457-9467 9875-9885 10380-10390 10631-10641 
automatic train control	f: ../CMT_FDE/ANALISYS/Progetto1/Bombardier_merge_1.txt i: 3598-3621 9049-9072 26798-26821 32408-32431 
CBTC train	f: ../CMT_FDE/ANALISYS/Progetto1/ieeeATSfunctions_4_1.txt i: 2808-2818 3378-3388 3783-3793 5275-5285 6478-6488 10815-10825 
Neihu vehicle	f: ../CMT_FDE/ANALISYS/Progetto1/Bombardier_merge_1.txt i: 12158-12172 14120-14134 14595-14609 17556-17570 17710-17723 18091-18105 18193-18207 19797-19811 
UTO system	f: ../CMT_FDE/ANALISYS/Progetto1/Bombardier_merge_1.txt i: 23684-23695 24331-24342 52705-52716 
risk	f: ../CMT_FDE/ANALISYS/Progetto1/Bombardier_merge_1.txt i: 17926-17930 18267-18271 18588-18592 18720-18724 19032-19036 20041-20045 25262-25266 
atc equipment	f: ../CMT_FDE/ANALISYS/Progetto1/Bombardier_merge_1.txt i: 13049-13062 43275-43288 49697-49710 
ato mode	f: ../CMT_FDE/ANALISYS/Progetto1/ieeeATSfunctions_4_1.txt i: 5935-5943 7477-7485 8059-8067 8409-8417 10334-10342 
CBTC train identification	f: ../CMT_FDE/ANALISYS/Progetto1/ieeeATSfunctions_4_1.txt i: 2808-2833 
service history	f: ../CMT_FDE/ANALISYS/Progetto1/Bombardier_merge_1.txt i: 3648-3663 32315-32330 
ATS functionality	f: ../CMT_FDE/ANALISYS/Progetto1/Bombardier_merge_1.txt i: 4289-4306 40936-40953 
control of run	f: ../CMT_FDE/ANALISYS/Progetto1/ieeeATSfunctions_4_1.txt i: 5552-5566 
ato	f: ../CMT_FDE/ANALISYS/Progetto1/ieeeATSfunctions_4_1.txt i: 5935-5938 7477-7480 8059-8062 8409-8412 10334-10337 
CITYFLO solution	f: ../CMT_FDE/ANALISYS/Progetto1/Bombardier_merge_1.txt i: 2605-2622 2784-2801 37224-37240 
atp	f: ../CMT_FDE/ANALISYS/Progetto1/Bombardier_merge_1.txt i: 4389-4392 4424-4427 5524-5527 6678-6681 8806-8809 26413-26416 26884-26887 27693-27696 28077-28080 30734-30737 33738-33741 35503-35506 39062-39065 39092-39095 39114-39117 39534-39537 41296-41299 42607-42610 43142-43145 43335-43338 43370-43373 44636-44639 45047-45050 45129-45132 45210-45213 45305-45308 45352-45355 46114-46117 47391-47394 48512-48515 48528-48531 48562-48565 48648-48651 48770-48773 50008-50011 51721-51724 55883-55886 58448-58451 
atc system	f: ../CMT_FDE/ANALISYS/Progetto1/Bombardier_merge_1.txt i: 10747-10757 13456-13466 14758-14768 17198-17208 19438-19448 22340-22351 32291-32302 42683-42693 
block CITYFLO	f: ../CMT_FDE/ANALISYS/Progetto1/Bombardier_merge_1.txt i: 30951-30964 31003-31016 31040-31053 31100-31113 
train movement	f: ../CMT_FDE/ANALISYS/Progetto1/Bombardier_merge_1.txt i: 5611-5625 44566-44580 46370-46384 46558-46572 
atc	f: ../CMT_FDE/ANALISYS/Progetto1/Bombardier_merge_1.txt i: 3623-3626 3782-3785 10747-10750 11063-11066 11757-11760 11974-11977 12053-12056 12258-12261 12327-12330 12422-12425 13049-13052 13456-13459 14248-14251 14395-14398 14652-14655 14758-14761 15076-15079 15397-15400 16452-16455 16994-16997 17057-17060 17198-17201 17314-17317 17698-17701 17938-17941 18325-18328 19438-19441 19539-19542 21619-21622 22340-22343 26423-26426 26794-26797 27709-27712 28111-28114 28216-28219 32291-32294 32519-32522 37273-37276 38629-38632 42683-42686 42763-42766 42989-42992 43027-43030 43189-43192 43275-43278 44162-44165 45798-45801 45927-45930 46248-46251 49440-49443 49492-49495 49592-49595 49697-49700 49785-49788 56368-56371 56459-56462 56586-56589 56606-56609 
train regulation function	f: ../CMT_FDE/ANALISYS/Progetto1/ieeeATSfunctions_4_1.txt i: 6441-6467 
san francisco	f: ../CMT_FDE/ANALISYS/Progetto1/Bombardier_merge_1.txt i: 32456-32469 36526-36539 
application	f: ../CMT_FDE/ANALISYS/Progetto1/ieeeATSfunctions_4_1.txt i: 1681-1692 2501-2512 6363-6374 8682-8693 9089-9100 
coordination of train	f: ../CMT_FDE/ANALISYS/Progetto1/ieeeATSfunctions_4_1.txt i: 6860-6881 
CBTC movement authority	f: ../CMT_FDE/ANALISYS/Progetto1/ieeeATSfunctions_4_1.txt i: 4568-4591 
ATS user interface	f: ../CMT_FDE/ANALISYS/Progetto1/ieeeATSfunctions_4_1.txt i: 1212-1230 1237-1255 3165-3183 3456-3474 4267-4285 4642-4660 11241-11259 11609-11627 
interface	f: ../CMT_FDE/ANALISYS/Progetto1/ieeeATSfunctions_4_1.txt i: 90-99 957-966 1083-1092 1221-1230 1246-1255 2646-2656 3174-3183 3465-3474 4276-4285 4651-4660 10616-10626 10646-10655 10885-10895 11250-11259 11486-11496 11618-11627 11710-11719 11805-11814 12031-12040 12727-12736 
initialization process	f: ../CMT_FDE/ANALISYS/Progetto1/Bombardier_merge_1.txt i: 34004-34026 48582-48604 
implementation	f: ../CMT_FDE/ANALISYS/Progetto1/ieeeATSfunctions_4_1.txt i: 1834-1848 2696-2710 6239-6253 8791-8805 
group	f: ../CMT_FDE/ANALISYS/Progetto1/ieeeATSfunctions_4_1.txt i: 7214-7219 8168-8173 8227-8232 8998-9003 
transit system	f: ../CMT_FDE/ANALISYS/Progetto1/ieeeATSfunctions_4_1.txt i: 901-915 11126-11140 
user	f: ../CMT_FDE/ANALISYS/Progetto1/ieeeATSfunctions_4_1.txt i: 952-956 1216-1220 1241-1245 1446-1450 1528-1532 2162-2166 2252-2256 2345-2349 2422-2426 2641-2645 3169-3173 3460-3464 3896-3900 4271-4275 4646-4650 5403-5408 11245-11249 11613-11617 
cab signalling	f: ../CMT_FDE/ANALISYS/Progetto1/Bombardier_merge_1.txt i: 26142-26156 30174-30188 
